#-----------------------------------------------------------
# xsim v2023.2.2 (64-bit)
# SW Build 4126759 on Thu Feb  8 23:52:05 MST 2024
# IP Build 4126054 on Fri Feb  9 11:39:09 MST 2024
# SharedData Build 4115275 on Tue Jan 30 00:40:57 MST 2024
# Start of session at: Sun Dec 15 16:16:00 2024
# Process ID: 11296
# Current directory: /home/bcheng/workspace/dev/ece574/hw4/sim
# Command line: xsim -mode tcl -source {xsim.dir/my_tb_snap/xsim_script.tcl}
# Log file: /home/bcheng/workspace/dev/ece574/hw4/sim/xsim.log
# Journal file: /home/bcheng/workspace/dev/ece574/hw4/sim/xsim.jou
# Running On: bcheng-HP, OS: Linux, CPU Frequency: 532.044 MHz, CPU Physical cores: 4, Host memory: 16397 MB
#-----------------------------------------------------------
source xsim.dir/my_tb_snap/xsim_script.tcl
# xsim {my_tb_snap} -autoloadwcfg -tclbatch {xsim_cfg.tcl}
Time resolution is 1 ns
source xsim_cfg.tcl
## log_wave -recursive *
## run all
 SUCCESS!
  Expected: 0000000000000000
  Actual:   0000000000000000

 SUCCESS!
  Expected: 0000010011011000
  Actual:   0000010011011000

 SUCCESS!
  Expected: 0000001111100000
  Actual:   0000001111100000

 SUCCESS!
  Expected: 0000010101010100
  Actual:   0000010101010100

 SUCCESS!
  Expected: 0000011101000100
  Actual:   0000011101000100

 SUCCESS!
  Expected: 0000000001111100
  Actual:   0000000001111100

 SUCCESS!
  Expected: 0000011011001000
  Actual:   0000011011001000

 SUCCESS!
  Expected: 0000011101000100
  Actual:   0000011101000100

 SUCCESS!
  Expected: 0000010101010100
  Actual:   0000010101010100

 SUCCESS!
  Expected: 0000001011101000
  Actual:   0000001011101000

 SUCCESS!
  Expected: 0000010101010100
  Actual:   0000010101010100

 SUCCESS!
  Expected: 0000010101010100
  Actual:   0000010101010100

 SUCCESS!
  Expected: 0000001111100000
  Actual:   0000001111100000

 SUCCESS!
  Expected: 0000010001011100
  Actual:   0000010001011100

 SUCCESS!
  Expected: 0000010011011000
  Actual:   0000010011011000

 SUCCESS!
  Expected: 0000000101110100
  Actual:   0000000101110100

 SUCCESS!
  Expected: 0000011101000100
  Actual:   0000011101000100

 SUCCESS!
  Expected: 0000001001101100
  Actual:   0000001001101100

 SUCCESS!
  Expected: 0000011011001000
  Actual:   0000011011001000

 SUCCESS!
  Expected: 0000001101100100
  Actual:   0000001101100100

 SUCCESS!
  Expected: 0000011011001000
  Actual:   0000011011001000

 SUCCESS!
  Expected: 0000010001011100
  Actual:   0000010001011100

 SUCCESS!
  Expected: 0000010101010100
  Actual:   0000010101010100

 SUCCESS!
  Expected: 0000011011001000
  Actual:   0000011011001000

 SUCCESS!
  Expected: 0000011011001000
  Actual:   0000011011001000

 SUCCESS!
  Expected: 0000010001011100
  Actual:   0000010001011100

 SUCCESS!
  Expected: 0000001001101100
  Actual:   0000001001101100

 SUCCESS!
  Expected: 0000011001001100
  Actual:   0000011001001100

 SUCCESS!
  Expected: 0000000011111000
  Actual:   0000000011111000

 SUCCESS!
  Expected: 0000000000000000
  Actual:   0000000000000000

 SUCCESS!
  Expected: 0000010101010100
  Actual:   0000010101010100

 SUCCESS!
  Expected: 0000000001111100
  Actual:   0000000001111100

 SUCCESS!
  Expected: 0000010011011000
  Actual:   0000010011011000

 SUCCESS!
  Expected: 0000000000000000
  Actual:   0000000000000000

 SUCCESS!
  Expected: 0000011011001000
  Actual:   0000011011001000

 SUCCESS!
  Expected: 0000010111010000
  Actual:   0000010111010000

 SUCCESS!
  Expected: 0000000001111100
  Actual:   0000000001111100

 SUCCESS!
  Expected: 0000010001011100
  Actual:   0000010001011100

 SUCCESS!
  Expected: 0000011001001100
  Actual:   0000011001001100

 SUCCESS!
  Expected: 0000010101010100
  Actual:   0000010101010100

 SUCCESS!
  Expected: 0000010001011100
  Actual:   0000010001011100

 SUCCESS!
  Expected: 0000010101010100
  Actual:   0000010101010100

 SUCCESS!
  Expected: 0000001101100100
  Actual:   0000001101100100

 SUCCESS!
  Expected: 0000010011011000
  Actual:   0000010011011000

 SUCCESS!
  Expected: 0000000111110000
  Actual:   0000000111110000

 SUCCESS!
  Expected: 0000001001101100
  Actual:   0000001001101100

 SUCCESS!
  Expected: 0000001001101100
  Actual:   0000001001101100

 SUCCESS!
  Expected: 0000011011001000
  Actual:   0000011011001000

 SUCCESS!
  Expected: 0000000000000000
  Actual:   0000000000000000

 SUCCESS!
  Expected: 0000011001001100
  Actual:   0000011001001100

 SUCCESS!
  Expected: 0000001111100000
  Actual:   0000001111100000

 SUCCESS!
  Expected: 0000001001101100
  Actual:   0000001001101100

 SUCCESS!
  Expected: 0000000011111000
  Actual:   0000000011111000

 SUCCESS!
  Expected: 0000011011001000
  Actual:   0000011011001000

 SUCCESS!
  Expected: 0000000101110100
  Actual:   0000000101110100

 SUCCESS!
  Expected: 0000000011111000
  Actual:   0000000011111000

 SUCCESS!
  Expected: 0000010101010100
  Actual:   0000010101010100

 SUCCESS!
  Expected: 0000010101010100
  Actual:   0000010101010100

 SUCCESS!
  Expected: 0000001101100100
  Actual:   0000001101100100

 SUCCESS!
  Expected: 0000011001001100
  Actual:   0000011001001100

 SUCCESS!
  Expected: 0000010001011100
  Actual:   0000010001011100

 SUCCESS!
  Expected: 0000010011011000
  Actual:   0000010011011000

 SUCCESS!
  Expected: 0000011101000100
  Actual:   0000011101000100

 SUCCESS!
  Expected: 0000000111110000
  Actual:   0000000111110000

 SUCCESS!
  Expected: 0000001011101000
  Actual:   0000001011101000

 SUCCESS!
  Expected: 0000001101100100
  Actual:   0000001101100100

 SUCCESS!
  Expected: 0000000001111100
  Actual:   0000000001111100

 SUCCESS!
  Expected: 0000011101000100
  Actual:   0000011101000100

 SUCCESS!
  Expected: 0000000001111100
  Actual:   0000000001111100

 SUCCESS!
  Expected: 0000000001111100
  Actual:   0000000001111100

 SUCCESS!
  Expected: 0000000111110000
  Actual:   0000000111110000

 SUCCESS!
  Expected: 0000001101100100
  Actual:   0000001101100100

 SUCCESS!
  Expected: 0000001111100000
  Actual:   0000001111100000

 SUCCESS!
  Expected: 0000001001101100
  Actual:   0000001001101100

 SUCCESS!
  Expected: 0000001101100100
  Actual:   0000001101100100

 SUCCESS!
  Expected: 0000010001011100
  Actual:   0000010001011100

 SUCCESS!
  Expected: 0000001011101000
  Actual:   0000001011101000

 SUCCESS!
  Expected: 0000010101010100
  Actual:   0000010101010100

 SUCCESS!
  Expected: 0000000001111100
  Actual:   0000000001111100

 SUCCESS!
  Expected: 0000011011001000
  Actual:   0000011011001000

 SUCCESS!
  Expected: 0000000000000000
  Actual:   0000000000000000

 SUCCESS!
  Expected: 0000001111100000
  Actual:   0000001111100000

 SUCCESS!
  Expected: 0000001111100000
  Actual:   0000001111100000

 SUCCESS!
  Expected: 0000001101100100
  Actual:   0000001101100100

 SUCCESS!
  Expected: 0000000101110100
  Actual:   0000000101110100

 SUCCESS!
  Expected: 0000010001011100
  Actual:   0000010001011100

 SUCCESS!
  Expected: 0000001001101100
  Actual:   0000001001101100

 SUCCESS!
  Expected: 0000000101110100
  Actual:   0000000101110100

 SUCCESS!
  Expected: 0000000001111100
  Actual:   0000000001111100

 SUCCESS!
  Expected: 0000011001001100
  Actual:   0000011001001100

 SUCCESS!
  Expected: 0000010011011000
  Actual:   0000010011011000

 SUCCESS!
  Expected: 0000000111110000
  Actual:   0000000111110000

 SUCCESS!
  Expected: 0000001011101000
  Actual:   0000001011101000

 SUCCESS!
  Expected: 0000000000000000
  Actual:   0000000000000000

 SUCCESS!
  Expected: 0000001101100100
  Actual:   0000001101100100

 SUCCESS!
  Expected: 0000001101100100
  Actual:   0000001101100100

 SUCCESS!
  Expected: 0000011001001100
  Actual:   0000011001001100

 SUCCESS!
  Expected: 0000000011111000
  Actual:   0000000011111000

 SUCCESS!
  Expected: 0000010101010100
  Actual:   0000010101010100

 SUCCESS!
  Expected: 0000000111110000
  Actual:   0000000111110000


Total number of errors:           0

$finish called at time : 300200 ns : File "/home/bcheng/workspace/dev/ece574/hw4/verif/tb_memory_modelling.sv" Line 93
## exit
INFO: [Common 17-206] Exiting xsim at Sun Dec 15 16:16:03 2024...
