#-----------------------------------------------------------
# xsim v2023.2.2 (64-bit)
# SW Build 4126759 on Thu Feb  8 23:52:05 MST 2024
# IP Build 4126054 on Fri Feb  9 11:39:09 MST 2024
# SharedData Build 4115275 on Tue Jan 30 00:40:57 MST 2024
# Start of session at: Fri Oct 11 16:12:43 2024
# Process ID: 30628
# Current directory: /home/bcheng/workspace/dev/ece574/hw1
# Command line: xsim -mode tcl -source {xsim.dir/my_tb_snap/xsim_script.tcl}
# Log file: /home/bcheng/workspace/dev/ece574/hw1/xsim.log
# Journal file: /home/bcheng/workspace/dev/ece574/hw1/xsim.jou
# Running On: bcheng-HP, OS: Linux, CPU Frequency: 3364.700 MHz, CPU Physical cores: 4, Host memory: 16397 MB
#-----------------------------------------------------------
source xsim.dir/my_tb_snap/xsim_script.tcl
# xsim {my_tb_snap} -autoloadwcfg -runall
Time resolution is 1 ps
run -all
A = 00000001, B = 00000002, ALUOp = 010
Expected Result: Q = 00000003
Actual Result:   Q = 00000003

A = 00000003, B = 00000004, ALUOp = 110
Expected Result: Q = ffffffff
Actual Result:   Q = ffffffff

A = 00000003, B = 00000004, ALUOp = 110
Expected Result: Q = ffffffff
Actual Result:   Q = ffffffff

A = 00000004, B = 00000005, ALUOp = 111
Expected Result: Q = 00000001
Actual Result:   Q = 00000001

A = 00000005, B = 00000006, ALUOp = 000
Expected Result: Q = 00000004
Actual Result:   Q = 00000004

A = 00000006, B = 00000007, ALUOp = 001
Expected Result: Q = 00000007
Actual Result:   Q = 00000007

A = 00000007, B = 00000008, ALUOp = 010
Expected Result: Q = 0000000f
Actual Result:   Q = 0000000f

A = 00000008, B = 00000009, ALUOp = 011
Expected Result: Q = 00000000
Actual Result:   Q = 00000000

A = 00000009, B = 0000000a, ALUOp = 100
Expected Result: Q = 00000000
Actual Result:   Q = 00000000

A = 0000000a, B = 0000000b, ALUOp = 101
Expected Result: Q = 00000000
Actual Result:   Q = 00000000

A = 0000000b, B = 0000000c, ALUOp = 110
Expected Result: Q = ffffffff
Actual Result:   Q = ffffffff

A = 0000000c, B = 0000000d, ALUOp = 111
Expected Result: Q = 00000001
Actual Result:   Q = 00000001

$finish called at time : 120 ns : File "/home/bcheng/workspace/dev/ece574/hw1/verif/tb_alu.sv" Line 81
exit
INFO: [Common 17-206] Exiting xsim at Fri Oct 11 16:12:45 2024...
