#-----------------------------------------------------------
# xsim v2023.2.2 (64-bit)
# SW Build 4126759 on Thu Feb  8 23:52:05 MST 2024
# IP Build 4126054 on Fri Feb  9 11:39:09 MST 2024
# SharedData Build 4115275 on Tue Jan 30 00:40:57 MST 2024
# Start of session at: Fri Nov 15 17:15:17 2024
# Process ID: 38580
# Current directory: /home/bcheng/workspace/dev/ece574/hw3/sim
# Command line: xsim -mode tcl -source {xsim.dir/my_tb_snap/xsim_script.tcl}
# Log file: /home/bcheng/workspace/dev/ece574/hw3/sim/xsim.log
# Journal file: /home/bcheng/workspace/dev/ece574/hw3/sim/xsim.jou
# Running On: bcheng-HP, OS: Linux, CPU Frequency: 1324.146 MHz, CPU Physical cores: 4, Host memory: 16397 MB
#-----------------------------------------------------------
source xsim.dir/my_tb_snap/xsim_script.tcl
# xsim {my_tb_snap} -autoloadwcfg -tclbatch {xsim_cfg.tcl}
Time resolution is 1 ns
source xsim_cfg.tcl
## log_wave -recursive *
## run all
A: cdd9, B: b299, CIN: 0
CLA: 
 SUCCESS!
  Expected: 1000000001110010
  Actual:   1000000001110010
RCA: 
 SUCCESS!
  Expected: 1000000001110010
  Actual:   1000000001110010

A: 17de, B: d68c, CIN: 0
CLA: 
 SUCCESS!
  Expected: 1110111001101010
  Actual:   1110111001101010
RCA: 
 SUCCESS!
  Expected: 1110111001101010
  Actual:   1110111001101010

A: 8292, B: a465, CIN: 0
CLA: 
 SUCCESS!
  Expected: 0010011011110111
  Actual:   0010011011110111
RCA: 
 SUCCESS!
  Expected: 0010011011110111
  Actual:   0010011011110111

A: de28, B: bc43, CIN: 0
CLA: 
 SUCCESS!
  Expected: 1001101001101011
  Actual:   1001101001101011
RCA: 
 SUCCESS!
  Expected: 1001101001101011
  Actual:   1001101001101011

A: 9b1d, B: 3ed6, CIN: 0
CLA: 
 SUCCESS!
  Expected: 1101100111110011
  Actual:   1101100111110011
RCA: 
 SUCCESS!
  Expected: 1101100111110011
  Actual:   1101100111110011

A: 0aab, B: 1cfe, CIN: 1
CLA: 
 SUCCESS!
  Expected: 0010011110101010
  Actual:   0010011110101010
RCA: 
 SUCCESS!
  Expected: 0010011110101010
  Actual:   0010011110101010

A: 50c5, B: b81b, CIN: 1
CLA: 
 SUCCESS!
  Expected: 0000100011100001
  Actual:   0000100011100001
RCA: 
 SUCCESS!
  Expected: 0000100011100001
  Actual:   0000100011100001

A: 3b45, B: c2c6, CIN: 0
CLA: 
 SUCCESS!
  Expected: 1111111000001011
  Actual:   1111111000001011
RCA: 
 SUCCESS!
  Expected: 1111111000001011
  Actual:   1111111000001011

A: e209, B: 138c, CIN: 1
CLA: 
 SUCCESS!
  Expected: 1111010110010110
  Actual:   1111010110010110
RCA: 
 SUCCESS!
  Expected: 1111010110010110
  Actual:   1111010110010110

A: c7a2, B: 4ed1, CIN: 0
CLA: 
 SUCCESS!
  Expected: 0001011001110011
  Actual:   0001011001110011
RCA: 
 SUCCESS!
  Expected: 0001011001110011
  Actual:   0001011001110011

A: ca3a, B: 30da, CIN: 0
CLA: 
 SUCCESS!
  Expected: 1111101100010100
  Actual:   1111101100010100
RCA: 
 SUCCESS!
  Expected: 1111101100010100
  Actual:   1111101100010100

A: 84ee, B: f87d, CIN: 1
CLA: 
 SUCCESS!
  Expected: 0111110101101100
  Actual:   0111110101101100
RCA: 
 SUCCESS!
  Expected: 0111110101101100
  Actual:   0111110101101100

A: 0268, B: c2b7, CIN: 0
CLA: 
 SUCCESS!
  Expected: 1100010100011111
  Actual:   1100010100011111
RCA: 
 SUCCESS!
  Expected: 1100010100011111
  Actual:   1100010100011111

A: 936e, B: 47a5, CIN: 1
CLA: 
 SUCCESS!
  Expected: 1101101100010100
  Actual:   1101101100010100
RCA: 
 SUCCESS!
  Expected: 1101101100010100
  Actual:   1101101100010100

A: 7345, B: 4a0d, CIN: 0
CLA: 
 SUCCESS!
  Expected: 1011110101010010
  Actual:   1011110101010010
RCA: 
 SUCCESS!
  Expected: 1011110101010010
  Actual:   1011110101010010

A: 83f7, B: dd7b, CIN: 0
CLA: 
 SUCCESS!
  Expected: 0110000101110010
  Actual:   0110000101110010
RCA: 
 SUCCESS!
  Expected: 0110000101110010
  Actual:   0110000101110010

A: 8d26, B: 50c1, CIN: 1
CLA: 
 SUCCESS!
  Expected: 1101110111101000
  Actual:   1101110111101000
RCA: 
 SUCCESS!
  Expected: 1101110111101000
  Actual:   1101110111101000

A: 590d, B: d4b8, CIN: 1
CLA: 
 SUCCESS!
  Expected: 0010110111000110
  Actual:   0010110111000110
RCA: 
 SUCCESS!
  Expected: 0010110111000110
  Actual:   0010110111000110

A: 6c99, B: 61df, CIN: 0
CLA: 
 SUCCESS!
  Expected: 1100111001111000
  Actual:   1100111001111000
RCA: 
 SUCCESS!
  Expected: 1100111001111000
  Actual:   1100111001111000

A: ca32, B: baec, CIN: 0
CLA: 
 SUCCESS!
  Expected: 1000010100011110
  Actual:   1000010100011110
RCA: 
 SUCCESS!
  Expected: 1000010100011110
  Actual:   1000010100011110

A: 0547, B: 2785, CIN: 1
CLA: 
 SUCCESS!
  Expected: 0010110011001101
  Actual:   0010110011001101
RCA: 
 SUCCESS!
  Expected: 0010110011001101
  Actual:   0010110011001101

A: 911d, B: f1b7, CIN: 1
CLA: 
 SUCCESS!
  Expected: 1000001011010101
  Actual:   1000001011010101
RCA: 
 SUCCESS!
  Expected: 1000001011010101
  Actual:   1000001011010101

A: f1ac, B: f6ff, CIN: 0
CLA: 
 SUCCESS!
  Expected: 1110100010101011
  Actual:   1110100010101011
RCA: 
 SUCCESS!
  Expected: 1110100010101011
  Actual:   1110100010101011

A: b419, B: 881c, CIN: 0
CLA: 
 SUCCESS!
  Expected: 0011110000110101
  Actual:   0011110000110101
RCA: 
 SUCCESS!
  Expected: 0011110000110101
  Actual:   0011110000110101

A: 3173, B: 79c8, CIN: 1
CLA: 
 SUCCESS!
  Expected: 1010101100111100
  Actual:   1010101100111100
RCA: 
 SUCCESS!
  Expected: 1010101100111100
  Actual:   1010101100111100

A: d651, B: 2de2, CIN: 1
CLA: 
 SUCCESS!
  Expected: 0000010000110100
  Actual:   0000010000110100
RCA: 
 SUCCESS!
  Expected: 0000010000110100
  Actual:   0000010000110100

A: 6ce7, B: 5f55, CIN: 0
CLA: 
 SUCCESS!
  Expected: 1100110000111100
  Actual:   1100110000111100
RCA: 
 SUCCESS!
  Expected: 1100110000111100
  Actual:   1100110000111100

A: fa7c, B: 35a6, CIN: 0
CLA: 
 SUCCESS!
  Expected: 0011000000100010
  Actual:   0011000000100010
RCA: 
 SUCCESS!
  Expected: 0011000000100010
  Actual:   0011000000100010

A: 102e, B: a28e, CIN: 1
CLA: 
 SUCCESS!
  Expected: 1011001010111101
  Actual:   1011001010111101
RCA: 
 SUCCESS!
  Expected: 1011001010111101
  Actual:   1011001010111101

A: 9fa8, B: 9d0a, CIN: 1
CLA: 
 SUCCESS!
  Expected: 0011110010110011
  Actual:   0011110010110011
RCA: 
 SUCCESS!
  Expected: 0011110010110011
  Actual:   0011110010110011

A: 5d04, B: ad38, CIN: 1
CLA: 
 SUCCESS!
  Expected: 0000101000111101
  Actual:   0000101000111101
RCA: 
 SUCCESS!
  Expected: 0000101000111101
  Actual:   0000101000111101

A: 79b5, B: 4ce0, CIN: 0
CLA: 
 SUCCESS!
  Expected: 1100011010010101
  Actual:   1100011010010101
RCA: 
 SUCCESS!
  Expected: 1100011010010101
  Actual:   1100011010010101

A: cc0c, B: a9e4, CIN: 0
CLA: 
 SUCCESS!
  Expected: 0111010111110000
  Actual:   0111010111110000
RCA: 
 SUCCESS!
  Expected: 0111010111110000
  Actual:   0111010111110000

A: c0f2, B: 2399, CIN: 1
CLA: 
 SUCCESS!
  Expected: 1110010010001100
  Actual:   1110010010001100
RCA: 
 SUCCESS!
  Expected: 1110010010001100
  Actual:   1110010010001100

A: 52e2, B: efa6, CIN: 1
CLA: 
 SUCCESS!
  Expected: 0100001010001001
  Actual:   0100001010001001
RCA: 
 SUCCESS!
  Expected: 0100001010001001
  Actual:   0100001010001001

A: 920a, B: b098, CIN: 1
CLA: 
 SUCCESS!
  Expected: 0100001010100011
  Actual:   0100001010100011
RCA: 
 SUCCESS!
  Expected: 0100001010100011
  Actual:   0100001010100011

A: 1e13, B: 037a, CIN: 1
CLA: 
 SUCCESS!
  Expected: 0010000110001110
  Actual:   0010000110001110
RCA: 
 SUCCESS!
  Expected: 0010000110001110
  Actual:   0010000110001110

A: 5401, B: 9584, CIN: 1
CLA: 
 SUCCESS!
  Expected: 1110100110000110
  Actual:   1110100110000110
RCA: 
 SUCCESS!
  Expected: 1110100110000110
  Actual:   1110100110000110

A: ad88, B: b398, CIN: 1
CLA: 
 SUCCESS!
  Expected: 0110000100100001
  Actual:   0110000100100001
RCA: 
 SUCCESS!
  Expected: 0110000100100001
  Actual:   0110000100100001

A: f6b5, B: 0799, CIN: 1
CLA: 
 SUCCESS!
  Expected: 1111111001001111
  Actual:   1111111001001111
RCA: 
 SUCCESS!
  Expected: 1111111001001111
  Actual:   1111111001001111

A: f07a, B: b521, CIN: 1
CLA: 
 SUCCESS!
  Expected: 1010010110011100
  Actual:   1010010110011100
RCA: 
 SUCCESS!
  Expected: 1010010110011100
  Actual:   1010010110011100

A: edb9, B: abd6, CIN: 0
CLA: 
 SUCCESS!
  Expected: 1001100110001111
  Actual:   1001100110001111
RCA: 
 SUCCESS!
  Expected: 1001100110001111
  Actual:   1001100110001111

A: 807c, B: 9c50, CIN: 1
CLA: 
 SUCCESS!
  Expected: 0001110011001101
  Actual:   0001110011001101
RCA: 
 SUCCESS!
  Expected: 0001110011001101
  Actual:   0001110011001101

A: c6d8, B: 8a09, CIN: 1
CLA: 
 SUCCESS!
  Expected: 0101000011100010
  Actual:   0101000011100010
RCA: 
 SUCCESS!
  Expected: 0101000011100010
  Actual:   0101000011100010

A: 14cc, B: 0a85, CIN: 1
CLA: 
 SUCCESS!
  Expected: 0001111101010010
  Actual:   0001111101010010
RCA: 
 SUCCESS!
  Expected: 0001111101010010
  Actual:   0001111101010010

A: 17e2, B: d15d, CIN: 0
CLA: 
 SUCCESS!
  Expected: 1110100100111111
  Actual:   1110100100111111
RCA: 
 SUCCESS!
  Expected: 1110100100111111
  Actual:   1110100100111111

A: c6cd, B: e62a, CIN: 0
CLA: 
 SUCCESS!
  Expected: 1010110011110111
  Actual:   1010110011110111
RCA: 
 SUCCESS!
  Expected: 1010110011110111
  Actual:   1010110011110111

A: 1209, B: fe0c, CIN: 1
CLA: 
 SUCCESS!
  Expected: 0001000000010110
  Actual:   0001000000010110
RCA: 
 SUCCESS!
  Expected: 0001000000010110
  Actual:   0001000000010110

A: e74d, B: c4d9, CIN: 1
CLA: 
 SUCCESS!
  Expected: 1010110000100111
  Actual:   1010110000100111
RCA: 
 SUCCESS!
  Expected: 1010110000100111
  Actual:   1010110000100111

A: c717, B: d6e2, CIN: 1
CLA: 
 SUCCESS!
  Expected: 1001110111111010
  Actual:   1001110111111010
RCA: 
 SUCCESS!
  Expected: 1001110111111010
  Actual:   1001110111111010

A: 783f, B: be30, CIN: 1
CLA: 
 SUCCESS!
  Expected: 0011011001110000
  Actual:   0011011001110000
RCA: 
 SUCCESS!
  Expected: 0011011001110000
  Actual:   0011011001110000

A: 0f90, B: 8547, CIN: 1
CLA: 
 SUCCESS!
  Expected: 1001010011011000
  Actual:   1001010011011000
RCA: 
 SUCCESS!
  Expected: 1001010011011000
  Actual:   1001010011011000

A: a4ee, B: fd86, CIN: 1
CLA: 
 SUCCESS!
  Expected: 1010001001110101
  Actual:   1010001001110101
RCA: 
 SUCCESS!
  Expected: 1010001001110101
  Actual:   1010001001110101

A: ff25, B: 0d17, CIN: 1
CLA: 
 SUCCESS!
  Expected: 0000110000111101
  Actual:   0000110000111101
RCA: 
 SUCCESS!
  Expected: 0000110000111101
  Actual:   0000110000111101

A: 303e, B: b205, CIN: 1
CLA: 
 SUCCESS!
  Expected: 1110001001000100
  Actual:   1110001001000100
RCA: 
 SUCCESS!
  Expected: 1110001001000100
  Actual:   1110001001000100

A: 1f88, B: b12a, CIN: 0
CLA: 
 SUCCESS!
  Expected: 1101000010110010
  Actual:   1101000010110010
RCA: 
 SUCCESS!
  Expected: 1101000010110010
  Actual:   1101000010110010

A: 9419, B: e168, CIN: 1
CLA: 
 SUCCESS!
  Expected: 0111010110000010
  Actual:   0111010110000010
RCA: 
 SUCCESS!
  Expected: 0111010110000010
  Actual:   0111010110000010

A: 0630, B: 00f0, CIN: 1
CLA: 
 SUCCESS!
  Expected: 0000011100100001
  Actual:   0000011100100001
RCA: 
 SUCCESS!
  Expected: 0000011100100001
  Actual:   0000011100100001

A: 855f, B: 9509, CIN: 0
CLA: 
 SUCCESS!
  Expected: 0001101001101000
  Actual:   0001101001101000
RCA: 
 SUCCESS!
  Expected: 0001101001101000
  Actual:   0001101001101000

A: b692, B: 9b3a, CIN: 0
CLA: 
 SUCCESS!
  Expected: 0101000111001100
  Actual:   0101000111001100
RCA: 
 SUCCESS!
  Expected: 0101000111001100
  Actual:   0101000111001100

A: 98f0, B: 2099, CIN: 0
CLA: 
 SUCCESS!
  Expected: 1011100110001001
  Actual:   1011100110001001
RCA: 
 SUCCESS!
  Expected: 1011100110001001
  Actual:   1011100110001001

A: 5cb6, B: d72b, CIN: 0
CLA: 
 SUCCESS!
  Expected: 0011001111100001
  Actual:   0011001111100001
RCA: 
 SUCCESS!
  Expected: 0011001111100001
  Actual:   0011001111100001

A: 216c, B: 701b, CIN: 1
CLA: 
 SUCCESS!
  Expected: 1001000110001000
  Actual:   1001000110001000
RCA: 
 SUCCESS!
  Expected: 1001000110001000
  Actual:   1001000110001000

A: 7b2c, B: ccd1, CIN: 0
CLA: 
 SUCCESS!
  Expected: 0100011111111101
  Actual:   0100011111111101
RCA: 
 SUCCESS!
  Expected: 0100011111111101
  Actual:   0100011111111101

A: 7026, B: ee3e, CIN: 0
CLA: 
 SUCCESS!
  Expected: 0101111001100100
  Actual:   0101111001100100
RCA: 
 SUCCESS!
  Expected: 0101111001100100
  Actual:   0101111001100100

A: 85b9, B: 696a, CIN: 1
CLA: 
 SUCCESS!
  Expected: 1110111100100100
  Actual:   1110111100100100
RCA: 
 SUCCESS!
  Expected: 1110111100100100
  Actual:   1110111100100100

A: 7278, B: d991, CIN: 1
CLA: 
 SUCCESS!
  Expected: 0100110000001010
  Actual:   0100110000001010
RCA: 
 SUCCESS!
  Expected: 0100110000001010
  Actual:   0100110000001010

A: cf52, B: 5f4a, CIN: 0
CLA: 
 SUCCESS!
  Expected: 0010111010011100
  Actual:   0010111010011100
RCA: 
 SUCCESS!
  Expected: 0010111010011100
  Actual:   0010111010011100

A: f8fd, B: d1c2, CIN: 1
CLA: 
 SUCCESS!
  Expected: 1100101011000000
  Actual:   1100101011000000
RCA: 
 SUCCESS!
  Expected: 1100101011000000
  Actual:   1100101011000000

A: 10e7, B: a114, CIN: 1
CLA: 
 SUCCESS!
  Expected: 1011000111111100
  Actual:   1011000111111100
RCA: 
 SUCCESS!
  Expected: 1011000111111100
  Actual:   1011000111111100

A: 923b, B: 9a12, CIN: 0
CLA: 
 SUCCESS!
  Expected: 0010110001001101
  Actual:   0010110001001101
RCA: 
 SUCCESS!
  Expected: 0010110001001101
  Actual:   0010110001001101

A: ed20, B: aaf9, CIN: 0
CLA: 
 SUCCESS!
  Expected: 1001100000011001
  Actual:   1001100000011001
RCA: 
 SUCCESS!
  Expected: 1001100000011001
  Actual:   1001100000011001

A: a74f, B: 3d34, CIN: 0
CLA: 
 SUCCESS!
  Expected: 1110010010000011
  Actual:   1110010010000011
RCA: 
 SUCCESS!
  Expected: 1110010010000011
  Actual:   1110010010000011

A: 3341, B: 2a54, CIN: 1
CLA: 
 SUCCESS!
  Expected: 0101110110010110
  Actual:   0101110110010110
RCA: 
 SUCCESS!
  Expected: 0101110110010110
  Actual:   0101110110010110

A: 6048, B: d1a3, CIN: 1
CLA: 
 SUCCESS!
  Expected: 0011000111101100
  Actual:   0011000111101100
RCA: 
 SUCCESS!
  Expected: 0011000111101100
  Actual:   0011000111101100

A: 2760, B: 04e5, CIN: 1
CLA: 
 SUCCESS!
  Expected: 0010110001000110
  Actual:   0010110001000110
RCA: 
 SUCCESS!
  Expected: 0010110001000110
  Actual:   0010110001000110

A: 9972, B: 652d, CIN: 1
CLA: 
 SUCCESS!
  Expected: 1111111010100000
  Actual:   1111111010100000
RCA: 
 SUCCESS!
  Expected: 1111111010100000
  Actual:   1111111010100000

A: 48b7, B: 8c8d, CIN: 0
CLA: 
 SUCCESS!
  Expected: 1101010101000100
  Actual:   1101010101000100
RCA: 
 SUCCESS!
  Expected: 1101010101000100
  Actual:   1101010101000100

A: 2251, B: 25ff, CIN: 1
CLA: 
 SUCCESS!
  Expected: 0100100001010001
  Actual:   0100100001010001
RCA: 
 SUCCESS!
  Expected: 0100100001010001
  Actual:   0100100001010001

A: cd8e, B: 6eb7, CIN: 0
CLA: 
 SUCCESS!
  Expected: 0011110001000101
  Actual:   0011110001000101
RCA: 
 SUCCESS!
  Expected: 0011110001000101
  Actual:   0011110001000101

A: 7db0, B: 9108, CIN: 0
CLA: 
 SUCCESS!
  Expected: 0000111010111000
  Actual:   0000111010111000
RCA: 
 SUCCESS!
  Expected: 0000111010111000
  Actual:   0000111010111000

A: 92ff, B: 5e96, CIN: 1
CLA: 
 SUCCESS!
  Expected: 1111000110010110
  Actual:   1111000110010110
RCA: 
 SUCCESS!
  Expected: 1111000110010110
  Actual:   1111000110010110

A: 34db, B: dc46, CIN: 1
CLA: 
 SUCCESS!
  Expected: 0001000100100010
  Actual:   0001000100100010
RCA: 
 SUCCESS!
  Expected: 0001000100100010
  Actual:   0001000100100010

A: fcb7, B: 6f45, CIN: 1
CLA: 
 SUCCESS!
  Expected: 0110101111111101
  Actual:   0110101111111101
RCA: 
 SUCCESS!
  Expected: 0110101111111101
  Actual:   0110101111111101

A: 334a, B: a420, CIN: 1
CLA: 
 SUCCESS!
  Expected: 1101011101101011
  Actual:   1101011101101011
RCA: 
 SUCCESS!
  Expected: 1101011101101011
  Actual:   1101011101101011

A: fae5, B: a0d8, CIN: 0
CLA: 
 SUCCESS!
  Expected: 1001101110111101
  Actual:   1001101110111101
RCA: 
 SUCCESS!
  Expected: 1001101110111101
  Actual:   1001101110111101

A: 2116, B: d422, CIN: 0
CLA: 
 SUCCESS!
  Expected: 1111010100111000
  Actual:   1111010100111000
RCA: 
 SUCCESS!
  Expected: 1111010100111000
  Actual:   1111010100111000

A: 238d, B: cf08, CIN: 0
CLA: 
 SUCCESS!
  Expected: 1111001010010101
  Actual:   1111001010010101
RCA: 
 SUCCESS!
  Expected: 1111001010010101
  Actual:   1111001010010101

A: 9549, B: f01e, CIN: 1
CLA: 
 SUCCESS!
  Expected: 1000010101101000
  Actual:   1000010101101000
RCA: 
 SUCCESS!
  Expected: 1000010101101000
  Actual:   1000010101101000

A: ab26, B: 13ac, CIN: 1
CLA: 
 SUCCESS!
  Expected: 1011111011010011
  Actual:   1011111011010011
RCA: 
 SUCCESS!
  Expected: 1011111011010011
  Actual:   1011111011010011

A: 61da, B: a8f5, CIN: 1
CLA: 
 SUCCESS!
  Expected: 0000101011010000
  Actual:   0000101011010000
RCA: 
 SUCCESS!
  Expected: 0000101011010000
  Actual:   0000101011010000

A: ecb1, B: 541b, CIN: 1
CLA: 
 SUCCESS!
  Expected: 0100000011001101
  Actual:   0100000011001101
RCA: 
 SUCCESS!
  Expected: 0100000011001101
  Actual:   0100000011001101

A: 4690, B: b5f6, CIN: 1
CLA: 
 SUCCESS!
  Expected: 1111110010000111
  Actual:   1111110010000111
RCA: 
 SUCCESS!
  Expected: 1111110010000111
  Actual:   1111110010000111

A: 908e, B: a2a7, CIN: 0
CLA: 
 SUCCESS!
  Expected: 0011001100110101
  Actual:   0011001100110101
RCA: 
 SUCCESS!
  Expected: 0011001100110101
  Actual:   0011001100110101

A: ee37, B: e938, CIN: 0
CLA: 
 SUCCESS!
  Expected: 1101011101101111
  Actual:   1101011101101111
RCA: 
 SUCCESS!
  Expected: 1101011101101111
  Actual:   1101011101101111

A: f4d6, B: 79c6, CIN: 0
CLA: 
 SUCCESS!
  Expected: 0110111010011100
  Actual:   0110111010011100
RCA: 
 SUCCESS!
  Expected: 0110111010011100
  Actual:   0110111010011100

A: 4f91, B: 67fd, CIN: 0
CLA: 
 SUCCESS!
  Expected: 1011011110001110
  Actual:   1011011110001110
RCA: 
 SUCCESS!
  Expected: 1011011110001110
  Actual:   1011011110001110

A: 6041, B: 5cd4, CIN: 0
CLA: 
 SUCCESS!
  Expected: 1011110100010101
  Actual:   1011110100010101
RCA: 
 SUCCESS!
  Expected: 1011110100010101
  Actual:   1011110100010101

A: 1399, B: ac65, CIN: 1
CLA: 
 SUCCESS!
  Expected: 1011111111111111
  Actual:   1011111111111111
RCA: 
 SUCCESS!
  Expected: 1011111111111111
  Actual:   1011111111111111

A: b029, B: 0ca6, CIN: 1
CLA: 
 SUCCESS!
  Expected: 1011110011010000
  Actual:   1011110011010000
RCA: 
 SUCCESS!
  Expected: 1011110011010000
  Actual:   1011110011010000


Total number of errors:           0

$finish called at time : 20200 ns : File "/home/bcheng/workspace/dev/ece574/hw3/verif/tb_adder.sv" Line 107
## exit
INFO: [Common 17-206] Exiting xsim at Fri Nov 15 17:15:19 2024...
