#-----------------------------------------------------------
# xsim v2023.2.2 (64-bit)
# SW Build 4126759 on Thu Feb  8 23:52:05 MST 2024
# IP Build 4126054 on Fri Feb  9 11:39:09 MST 2024
# SharedData Build 4115275 on Tue Jan 30 00:40:57 MST 2024
# Start of session at: Tue Nov 12 16:06:33 2024
# Process ID: 27207
# Current directory: /home/bcheng/workspace/dev/ece574/hw3/sim
# Command line: xsim -mode tcl -source {xsim.dir/my_tb_snap/xsim_script.tcl}
# Log file: /home/bcheng/workspace/dev/ece574/hw3/sim/xsim.log
# Journal file: /home/bcheng/workspace/dev/ece574/hw3/sim/xsim.jou
# Running On: bcheng-HP, OS: Linux, CPU Frequency: 400.000 MHz, CPU Physical cores: 4, Host memory: 16397 MB
#-----------------------------------------------------------
source xsim.dir/my_tb_snap/xsim_script.tcl
# xsim {my_tb_snap} -autoloadwcfg -tclbatch {xsim_cfg.tcl}
Time resolution is 1 ns
source xsim_cfg.tcl
## log_wave -recursive *
## run all
A: 31db, B: 24bc, CIN: 0
FAILURE!
 Expected: 0101011010010111
 Actual:   0000000000000000

A: ca8e, B: f4f0, CIN: 1
FAILURE!
 Expected: 1011111101111111
 Actual:   xxxxxxxxxxxxxxxx

A: ff1e, B: 26cb, CIN: 1
FAILURE!
 Expected: 0010010111101010
 Actual:   0101011010010111

A: f01b, B: f159, CIN: 1
FAILURE!
 Expected: 1110000101110101
 Actual:   1011111101111111

A: 8ef8, B: f078, CIN: 0
FAILURE!
 Expected: 0111111101110000
 Actual:   0010010111101010

A: 5292, B: e093, CIN: 0
FAILURE!
 Expected: 0011001100100101
 Actual:   1110000101110101

A: 0b1b, B: 6f8b, CIN: 0
FAILURE!
 Expected: 0111101010100110
 Actual:   0111111101110000

A: ea70, B: c21d, CIN: 1
FAILURE!
 Expected: 1010110010001110
 Actual:   0011001100100101

A: bb1e, B: cd39, CIN: 0
FAILURE!
 Expected: 1000100001010111
 Actual:   0111101010100110

A: 7c44, B: b7a9, CIN: 0
FAILURE!
 Expected: 0011001111101101
 Actual:   1010110010001110

A: 1dfd, B: 72c7, CIN: 1
FAILURE!
 Expected: 1001000011000101
 Actual:   1000100001010111

A: 2f41, B: ef0b, CIN: 0
FAILURE!
 Expected: 0001111001001100
 Actual:   0011001111101101

A: 02a3, B: 0d08, CIN: 1
FAILURE!
 Expected: 0000111110101100
 Actual:   1001000011000101

A: a33e, B: 3c49, CIN: 0
FAILURE!
 Expected: 1101111110000111
 Actual:   0001111001001100

A: fb82, B: 3eed, CIN: 0
FAILURE!
 Expected: 0011101001101111
 Actual:   0000111110101100

A: c68d, B: e22b, CIN: 1
FAILURE!
 Expected: 1010100010111001
 Actual:   1101111110000111

A: 80a3, B: ddae, CIN: 0
FAILURE!
 Expected: 0101111001010001
 Actual:   0011101001101111

A: 47c1, B: a43b, CIN: 0
FAILURE!
 Expected: 1110101111111100
 Actual:   1010100010111001

A: 4b29, B: 24df, CIN: 0
FAILURE!
 Expected: 0111000000001000
 Actual:   0101111001010001

A: 8d7d, B: 6ca0, CIN: 1
FAILURE!
 Expected: 1111101000011110
 Actual:   1110101111111100

A: b1fd, B: b7c9, CIN: 0
FAILURE!
 Expected: 0110100111000110
 Actual:   0111000000001000

A: b42b, B: 4547, CIN: 1
FAILURE!
 Expected: 1111100101110011
 Actual:   1111101000011110

A: 5a95, B: f744, CIN: 0
FAILURE!
 Expected: 0101000111011001
 Actual:   0110100111000110

A: 25dd, B: ab70, CIN: 1
FAILURE!
 Expected: 1101000101001110
 Actual:   1111100101110011

A: 5dc6, B: 0605, CIN: 0
FAILURE!
 Expected: 0110001111001011
 Actual:   0101000111011001

A: 4d79, B: 2be2, CIN: 0
FAILURE!
 Expected: 0111100101011011
 Actual:   1101000101001110

A: 8272, B: 89a9, CIN: 1
FAILURE!
 Expected: 0000110000011100
 Actual:   0110001111001011

A: aeb0, B: d722, CIN: 1
FAILURE!
 Expected: 1000010111010011
 Actual:   0111100101011011

A: 865e, B: 5994, CIN: 0
FAILURE!
 Expected: 1101111111110010
 Actual:   0000110000011100

A: 6411, B: 0845, CIN: 0
FAILURE!
 Expected: 0110110001010110
 Actual:   1000010111010011

A: 6da7, B: 8ea3, CIN: 1
FAILURE!
 Expected: 1111110001001011
 Actual:   1101111111110010

A: 00e5, B: f2b5, CIN: 0
FAILURE!
 Expected: 1111001110011010
 Actual:   0110110001010110

A: 6b46, B: 605c, CIN: 1
FAILURE!
 Expected: 1100101110100011
 Actual:   1111110001001011

A: 2f3b, B: 6141, CIN: 0
FAILURE!
 Expected: 1001000001111100
 Actual:   1111001110011010

A: fb75, B: cc87, CIN: 0
FAILURE!
 Expected: 1100011111111100
 Actual:   1100101110100011

A: 5652, B: fbc2, CIN: 0
FAILURE!
 Expected: 0101001000010100
 Actual:   1001000001111100

A: a3e5, B: f737, CIN: 1
FAILURE!
 Expected: 1001101100011101
 Actual:   1100011111111100

A: 51d3, B: 4d8a, CIN: 0
FAILURE!
 Expected: 1001111101011101
 Actual:   0101001000010100

A: 6103, B: f16f, CIN: 1
FAILURE!
 Expected: 0101001001110011
 Actual:   1001101100011101

A: 3cbb, B: 4342, CIN: 1
FAILURE!
 Expected: 0111111111111110
 Actual:   1001111101011101

A: 1435, B: a446, CIN: 0
FAILURE!
 Expected: 1011100001111011
 Actual:   0101001001110011

A: e2e6, B: e101, CIN: 1
FAILURE!
 Expected: 1100001111101000
 Actual:   0111111111111110

A: ff22, B: f536, CIN: 1
FAILURE!
 Expected: 1111010001011001
 Actual:   1011100001111011

A: 0ccc, B: d81c, CIN: 0
FAILURE!
 Expected: 1110010011101000
 Actual:   1100001111101000

A: 5db9, B: d73e, CIN: 0
FAILURE!
 Expected: 0011010011110111
 Actual:   1111010001011001

A: 52ec, B: e40b, CIN: 0
FAILURE!
 Expected: 0011011011110111
 Actual:   1110010011101000

A: 2920, B: 41c4, CIN: 1
FAILURE!
 Expected: 0110101011100101
 Actual:   0011010011110111

A: f48a, B: 94b1, CIN: 0
FAILURE!
 Expected: 1000100100111011
 Actual:   0011011011110111

A: 9811, B: bdd1, CIN: 0
FAILURE!
 Expected: 0101010111100010
 Actual:   0110101011100101

A: 12d6, B: b25c, CIN: 1
FAILURE!
 Expected: 1100010100110011
 Actual:   1000100100111011

A: 71a6, B: 4a6d, CIN: 1
FAILURE!
 Expected: 1011110000010100
 Actual:   0101010111100010

A: 123a, B: 5d43, CIN: 1
FAILURE!
 Expected: 0110111101111110
 Actual:   1100010100110011

A: 4780, B: cee9, CIN: 0
FAILURE!
 Expected: 0001011001101001
 Actual:   1011110000010100

A: 3a97, B: e123, CIN: 1
FAILURE!
 Expected: 0001101110111011
 Actual:   0110111101111110

A: e00a, B: 28a3, CIN: 0
FAILURE!
 Expected: 0000100010101101
 Actual:   0001011001101001

A: cfea, B: 633a, CIN: 1
FAILURE!
 Expected: 0011001100100101
 Actual:   0001101110111011

A: 1d0d, B: 4344, CIN: 1
FAILURE!
 Expected: 0110000001010010
 Actual:   0000100010101101

A: 3919, B: 132e, CIN: 1
FAILURE!
 Expected: 0100110001001000
 Actual:   0011001100100101

A: 3648, B: 303b, CIN: 0
FAILURE!
 Expected: 0110011010000011
 Actual:   0110000001010010

A: 5c1b, B: 6954, CIN: 0
FAILURE!
 Expected: 1100010101101111
 Actual:   0100110001001000

A: e529, B: 9f9d, CIN: 0
FAILURE!
 Expected: 1000010011000110
 Actual:   0110011010000011

A: b17b, B: fbb8, CIN: 0
FAILURE!
 Expected: 1010110100110011
 Actual:   1100010101101111

A: 90fb, B: e0e1, CIN: 1
FAILURE!
 Expected: 0111000111011101
 Actual:   1000010011000110

A: a0b7, B: 925c, CIN: 0
FAILURE!
 Expected: 0011001100010011
 Actual:   1010110100110011

A: 19c8, B: 2358, CIN: 1
FAILURE!
 Expected: 0011110100100001
 Actual:   0111000111011101

A: 3275, B: c40f, CIN: 0
FAILURE!
 Expected: 1111011010000100
 Actual:   0011001100010011

A: 46db, B: ddd7, CIN: 0
FAILURE!
 Expected: 0010010010110010
 Actual:   0011110100100001

A: 3c23, B: 104d, CIN: 1
FAILURE!
 Expected: 0100110001110001
 Actual:   1111011010000100

A: c3c7, B: 5728, CIN: 1
FAILURE!
 Expected: 0001101011110000
 Actual:   0010010010110010

A: 6ec3, B: 934b, CIN: 0
FAILURE!
 Expected: 0000001000001110
 Actual:   0100110001110001

A: ddce, B: 5712, CIN: 0
FAILURE!
 Expected: 0011010011100000
 Actual:   0001101011110000

A: 2ab1, B: c5d5, CIN: 0
FAILURE!
 Expected: 1111000010000110
 Actual:   0000001000001110

A: 87e1, B: a3a4, CIN: 0
FAILURE!
 Expected: 0010101110000101
 Actual:   0011010011100000

A: 3c3a, B: ce55, CIN: 0
FAILURE!
 Expected: 0000101010001111
 Actual:   1111000010000110

A: 83de, B: 5637, CIN: 0
FAILURE!
 Expected: 1101101000010101
 Actual:   0010101110000101

A: 2294, B: 9271, CIN: 1
FAILURE!
 Expected: 1011010100000110
 Actual:   0000101010001111

A: 8720, B: 164f, CIN: 0
FAILURE!
 Expected: 1001110101101111
 Actual:   1101101000010101

A: 8f50, B: 38e3, CIN: 1
FAILURE!
 Expected: 1100100000110100
 Actual:   1011010100000110

A: 65d6, B: c004, CIN: 0
FAILURE!
 Expected: 0010010111011010
 Actual:   1001110101101111

A: 9292, B: 4f54, CIN: 0
FAILURE!
 Expected: 1110000111100110
 Actual:   1100100000110100

A: 51c0, B: b52a, CIN: 0
FAILURE!
 Expected: 0000011011101010
 Actual:   0010010111011010

A: 273c, B: 47bd, CIN: 0
FAILURE!
 Expected: 0110111011111001
 Actual:   1110000111100110

A: 359c, B: 997d, CIN: 1
FAILURE!
 Expected: 1100111100011010
 Actual:   0000011011101010

A: 0400, B: c0b9, CIN: 0
FAILURE!
 Expected: 1100010010111001
 Actual:   0110111011111001

A: 21b9, B: f656, CIN: 1
FAILURE!
 Expected: 0001100000010000
 Actual:   1100111100011010

A: f49c, B: fa56, CIN: 0
FAILURE!
 Expected: 1110111011110010
 Actual:   1100010010111001

A: 0f3c, B: 1c0f, CIN: 0
FAILURE!
 Expected: 0010101101001011
 Actual:   0001100000010000

A: c359, B: 10ab, CIN: 1
FAILURE!
 Expected: 1101010000000101
 Actual:   1110111011110010

A: 382f, B: 1fe7, CIN: 0
FAILURE!
 Expected: 0101100000010110
 Actual:   0010101101001011

A: a35c, B: e340, CIN: 0
FAILURE!
 Expected: 1000011010011100
 Actual:   1101010000000101

A: 08df, B: 1b70, CIN: 1
FAILURE!
 Expected: 0010010001010000
 Actual:   0101100000010110

A: 8a71, B: becc, CIN: 0
FAILURE!
 Expected: 0100100100111101
 Actual:   1000011010011100

A: 1caf, B: c7ab, CIN: 0
FAILURE!
 Expected: 1110010001011010
 Actual:   0010010001010000

A: ced5, B: 521c, CIN: 0
FAILURE!
 Expected: 0010000011110001
 Actual:   0100100100111101

A: 643b, B: 6ecc, CIN: 1
FAILURE!
 Expected: 1101001100001000
 Actual:   1110010001011010

A: 1511, B: 3da1, CIN: 1
FAILURE!
 Expected: 0101001010110011
 Actual:   0010000011110001

A: 84b3, B: a1dc, CIN: 1
FAILURE!
 Expected: 0010011010010000
 Actual:   1101001100001000

A: bc00, B: b6ed, CIN: 0
FAILURE!
 Expected: 0111001011101101
 Actual:   0101001010110011

A: 4569, B: 3ba0, CIN: 0
FAILURE!
 Expected: 1000000100001001
 Actual:   0010011010010000

A: 3d9f, B: f7a0, CIN: 1
FAILURE!
 Expected: 0011010101000000
 Actual:   0111001011101101


Total number of errors:         100

$finish called at time : 10100 ns : File "/home/bcheng/workspace/dev/ece574/hw3/verif/tb_adder.sv" Line 85
## exit
INFO: [Common 17-206] Exiting xsim at Tue Nov 12 16:06:36 2024...
