#-----------------------------------------------------------
# Vivado v2023.2.2 (64-bit)
# SW Build 4126759 on Thu Feb  8 23:52:05 MST 2024
# IP Build 4126054 on Fri Feb  9 11:39:09 MST 2024
# SharedData Build 4115275 on Tue Jan 30 00:40:57 MST 2024
# Start of session at: Fri Oct 11 17:38:48 2024
# Process ID: 50450
# Current directory: /home/bcheng/workspace/dev/ece574/hw1/run
# Command line: vivado -mode batch -source simulate.tcl
# Log file: /home/bcheng/workspace/dev/ece574/hw1/run/vivado.log
# Journal file: /home/bcheng/workspace/dev/ece574/hw1/run/vivado.jou
# Running On: bcheng-HP, OS: Linux, CPU Frequency: 4067.724 MHz, CPU Physical cores: 4, Host memory: 16397 MB
#-----------------------------------------------------------
source simulate.tcl
# xvlog ../src/alu.v
WARNING: [Common 17-259] Unknown Tcl command 'xvlog ../src/alu.v' sending command to the OS shell for execution. It is recommended to use 'exec' to send the command to the OS shell.
invalid command name "xvlog"
    while executing
"xvlog ../src/alu.v"
    (file "simulate.tcl" line 6)
INFO: [Common 17-206] Exiting Vivado at Fri Oct 11 17:38:50 2024...
