#-----------------------------------------------------------
# xsim v2023.2.2 (64-bit)
# SW Build 4126759 on Thu Feb  8 23:52:05 MST 2024
# IP Build 4126054 on Fri Feb  9 11:39:09 MST 2024
# SharedData Build 4115275 on Tue Jan 30 00:40:57 MST 2024
# Start of session at: Fri Oct 11 17:48:30 2024
# Process ID: 55216
# Current directory: /home/bcheng/workspace/dev/ece574/hw1/run
# Command line: xsim -mode tcl -source {xsim.dir/my_tb_snap/xsim_script.tcl}
# Log file: /home/bcheng/workspace/dev/ece574/hw1/run/xsim.log
# Journal file: /home/bcheng/workspace/dev/ece574/hw1/run/xsim.jou
# Running On: bcheng-HP, OS: Linux, CPU Frequency: 4100.000 MHz, CPU Physical cores: 4, Host memory: 16397 MB
#-----------------------------------------------------------
source xsim.dir/my_tb_snap/xsim_script.tcl
# xsim {my_tb_snap} -autoloadwcfg -tclbatch {xsim_cfg.tcl}
Time resolution is 1 ps
source xsim_cfg.tcl
## log_wave -recursive *
## run all
A = 00000001, B = 00000002, ALUOp = 010
SUCCESS! Expected: 00000003. Actual: 00000003

A = 00000003, B = 00000004, ALUOp = 110
SUCCESS! Expected: ffffffff. Actual: ffffffff

A = 00000003, B = 00000004, ALUOp = 110
SUCCESS! Expected: ffffffff. Actual: ffffffff

A = 00000004, B = 00000005, ALUOp = 111
SUCCESS! Expected: 00000001. Actual: 00000001

A = 00000005, B = 00000006, ALUOp = 000
SUCCESS! Expected: 00000004. Actual: 00000004

A = 00000006, B = 00000007, ALUOp = 001
SUCCESS! Expected: 00000007. Actual: 00000007

A = 00000007, B = 00000008, ALUOp = 010
SUCCESS! Expected: 0000000f. Actual: 0000000f

A = 00000008, B = 00000009, ALUOp = 011
SUCCESS! Expected: 00000000. Actual: 00000000

A = 00000009, B = 0000000a, ALUOp = 100
SUCCESS! Expected: 00000000. Actual: 00000000

A = 0000000a, B = 0000000b, ALUOp = 101
SUCCESS! Expected: 00000000. Actual: 00000000

A = 0000000b, B = 0000000c, ALUOp = 110
SUCCESS! Expected: ffffffff. Actual: ffffffff

A = 0000000c, B = 0000000d, ALUOp = 111
SUCCESS! Expected: 00000001. Actual: 00000001

$finish called at time : 120 ns : File "/home/bcheng/workspace/dev/ece574/hw1/verif/tb_alu.sv" Line 107
## exit
INFO: [Common 17-206] Exiting xsim at Fri Oct 11 17:48:32 2024...
