#-----------------------------------------------------------
# xsim v2023.2.2 (64-bit)
# SW Build 4126759 on Thu Feb  8 23:52:05 MST 2024
# IP Build 4126054 on Fri Feb  9 11:39:09 MST 2024
# SharedData Build 4115275 on Tue Jan 30 00:40:57 MST 2024
# Start of session at: Sat Dec 14 19:25:12 2024
# Process ID: 58928
# Current directory: /home/bcheng/workspace/dev/ece574/hw4/sim
# Command line: xsim -mode tcl -source {xsim.dir/my_tb_snap/xsim_script.tcl}
# Log file: /home/bcheng/workspace/dev/ece574/hw4/sim/xsim.log
# Journal file: /home/bcheng/workspace/dev/ece574/hw4/sim/xsim.jou
# Running On: bcheng-HP, OS: Linux, CPU Frequency: 929.896 MHz, CPU Physical cores: 4, Host memory: 16397 MB
#-----------------------------------------------------------
source xsim.dir/my_tb_snap/xsim_script.tcl
# xsim {my_tb_snap} -autoloadwcfg -tclbatch {xsim_cfg.tcl}
Time resolution is 1 ns
source xsim_cfg.tcl
## log_wave -recursive *
## run all
 FAILURE!
  Expected: 1000010111000000
  Actual:   1111011001010000

 FAILURE!
  Expected: 0001001100011000
  Actual:   1100010110010010

 FAILURE!
  Expected: 0110010001100000
  Actual:   0110100001001000

 FAILURE!
  Expected: 1101000011110100
  Actual:   1100110100010111

 FAILURE!
  Expected: 0101010000100100
  Actual:   0011010111111011

 FAILURE!
  Expected: 1101001001011100
  Actual:   1011001011100101

 FAILURE!
  Expected: 1001000001001000
  Actual:   0101100111110110

 FAILURE!
  Expected: 1101100111100100
  Actual:   0010110001001011

 FAILURE!
  Expected: 1110010101110100
  Actual:   0111100001110111

 FAILURE!
  Expected: 1111010010101000
  Actual:   1100001000111110

 FAILURE!
  Expected: 1010111110110100
  Actual:   1111111000100111

 FAILURE!
  Expected: 0011111001110100
  Actual:   1011001100110111

 FAILURE!
  Expected: 1100101111100000
  Actual:   0111100111101000

 FAILURE!
  Expected: 0011111111111100
  Actual:   0101100000011101

 FAILURE!
  Expected: 0001100001011000
  Actual:   1101111110000010

 FAILURE!
  Expected: 1011000101010100
  Actual:   1111001001011111

 FAILURE!
  Expected: 0011010010100100
  Actual:   0001101001011011

 FAILURE!
  Expected: 1100100000001100
  Actual:   1101110110101001

 FAILURE!
  Expected: 1110111111001000
  Actual:   1010010110010110

 FAILURE!
  Expected: 0000000010000100
  Actual:   1001010001000011

 FAILURE!
  Expected: 0000100000001000
  Actual:   0011010111000110

 FAILURE!
  Expected: 0000110011111100
  Actual:   1000100111011101

 FAILURE!
  Expected: 1011011010110100
  Actual:   1000101101100111

 FAILURE!
  Expected: 0100000110001000
  Actual:   0101010011100110

 FAILURE!
  Expected: 1101010100001000
  Actual:   0110011110000110

 FAILURE!
  Expected: 1010011001111100
  Actual:   0011000011111101

 FAILURE!
  Expected: 0100001000001100
  Actual:   1110100100101001

 FAILURE!
  Expected: 1110000111101100
  Actual:   1010001000010001

 FAILURE!
  Expected: 1011001101111000
  Actual:   1011101011011010

 FAILURE!
  Expected: 1111100011000000
  Actual:   0111010010010000

 FAILURE!
  Expected: 0010001101110100
  Actual:   1111011011110111

 FAILURE!
  Expected: 1000110101011100
  Actual:   0010011100100101

 FAILURE!
  Expected: 1010010000011000
  Actual:   1010101001010010

 FAILURE!
  Expected: 0110010110000000
  Actual:   1110000000100000

 FAILURE!
  Expected: 0110111101001000
  Actual:   1100100100110110

 FAILURE!
  Expected: 0101011110010000
  Actual:   0110010100101100

 FAILURE!
  Expected: 0110001100011100
  Actual:   0101100101110101

 FAILURE!
  Expected: 1001001010111100
  Actual:   1100000000101101

 FAILURE!
  Expected: 1110010011101100
  Actual:   1000110001010001

 FAILURE!
  Expected: 0000011100110100
  Actual:   0000001111000111

 FAILURE!
  Expected: 1111100000111100
  Actual:   1010000001001101

 FAILURE!
  Expected: 0101010000110100
  Actual:   0101010110000111

 FAILURE!
  Expected: 0101111011000100
  Actual:   0110100011110011

 FAILURE!
  Expected: 0101101101011000
  Actual:   1111100111000010

 FAILURE!
  Expected: 1110011011110000
  Actual:   0001010110110100

 FAILURE!
  Expected: 0100100010001100
  Actual:   1111101000001001

 FAILURE!
  Expected: 0110001010001100
  Actual:   1111110110001001

 FAILURE!
  Expected: 1110010000001000
  Actual:   1011101011000110

 FAILURE!
  Expected: 1001110011000000
  Actual:   0100111110010000

 FAILURE!
  Expected: 1100011000101100
  Actual:   0110101101000001

 FAILURE!
  Expected: 0011111101100000
  Actual:   1011010010001000

 FAILURE!
  Expected: 1000100010001100
  Actual:   0110101000001001

 FAILURE!
  Expected: 0000111010111000
  Actual:   0110010101001010

 FAILURE!
  Expected: 1010011011001000
  Actual:   1011011011010110

 FAILURE!
  Expected: 0110110010010100
  Actual:   0010010011001111

 FAILURE!
  Expected: 1010101101111000
  Actual:   1011010011011010

 FAILURE!
  Expected: 0110110011110100
  Actual:   0010001000010111

 FAILURE!
  Expected: 1010101111110100
  Actual:   1101100101010111

 FAILURE!
  Expected: 0011010000000100
  Actual:   0001111011100011

 FAILURE!
  Expected: 0111101110101100
  Actual:   1000011101100001

 FAILURE!
  Expected: 0101001010111100
  Actual:   1001000000101101

 FAILURE!
  Expected: 1010000010011000
  Actual:   0100001110110010

 FAILURE!
  Expected: 0010011100100100
  Actual:   0011110000111011

 FAILURE!
  Expected: 1011111110110000
  Actual:   1011001001000100

 FAILURE!
  Expected: 0101000101101000
  Actual:   0010000111001110

 FAILURE!
  Expected: 0110000000000100
  Actual:   0101111111100011

 FAILURE!
  Expected: 0011101101011100
  Actual:   0011100110100101

 FAILURE!
  Expected: 1010010000100100
  Actual:   1011000111111011

 FAILURE!
  Expected: 0000000010011100
  Actual:   1010001110010101

 FAILURE!
  Expected: 0110011101011100
  Actual:   0111101010100101

 FAILURE!
  Expected: 0110100010110000
  Actual:   0110100100000100

 FAILURE!
  Expected: 0101001000000100
  Actual:   1100010101100011

 FAILURE!
  Expected: 1100011101100000
  Actual:   1101101010001000

 FAILURE!
  Expected: 1010010000001100
  Actual:   1010001010101001

 FAILURE!
  Expected: 1111101100000100
  Actual:   0111110000100011

 FAILURE!
  Expected: 1100011111111100
  Actual:   0111111000011101

 FAILURE!
  Expected: 0000101101101000
  Actual:   0001110101001110

 FAILURE!
  Expected: 0110001110110100
  Actual:   1110010100100111

 FAILURE!
  Expected: 0001111011011100
  Actual:   0100100001000101

 FAILURE!
  Expected: 1101001011001000
  Actual:   1111011111010110

 FAILURE!
  Expected: 0000011111000000
  Actual:   1000011111010000

 FAILURE!
  Expected: 0001100111100000
  Actual:   1100010001101000

 FAILURE!
  Expected: 1001111110100000
  Actual:   0111101010111000

 FAILURE!
  Expected: 0001100000000100
  Actual:   1010100111100011

 FAILURE!
  Expected: 0111110110010100
  Actual:   1010100110001111

 FAILURE!
  Expected: 1011111001111100
  Actual:   1100001011111101

 FAILURE!
  Expected: 1110101011001100
  Actual:   1010000110111001

 FAILURE!
  Expected: 1000010101010100
  Actual:   0011000101011111

 FAILURE!
  Expected: 1101100001011100
  Actual:   1000011101100101

 FAILURE!
  Expected: 1000101001101100
  Actual:   0001110001110001

 FAILURE!
  Expected: 1001110101011000
  Actual:   1101101101000010

 FAILURE!
  Expected: 0101010111110000
  Actual:   0011000011110100

 FAILURE!
  Expected: 0100100011101000
  Actual:   1101111101101110

 FAILURE!
  Expected: 1000110100000000
  Actual:   1000000111000000

 FAILURE!
  Expected: 1101101101000100
  Actual:   0110001001010011

 FAILURE!
  Expected: 0010000101000100
  Actual:   0110011011010011

 FAILURE!
  Expected: 0001011101101100
  Actual:   1001111000110001

 FAILURE!
  Expected: 0111110101111000
  Actual:   0100001001011010

 FAILURE!
  Expected: 0111011100110100
  Actual:   1001011111000111

 FAILURE!
  Expected: 0110010100110000
  Actual:   1000001001100100


Total number of errors:         100

$finish called at time : 290200 ns : File "/home/bcheng/workspace/dev/ece574/hw4/verif/tb_memory_modelling.sv" Line 93
## exit
INFO: [Common 17-206] Exiting xsim at Sat Dec 14 19:25:14 2024...
