#-----------------------------------------------------------
# xsim v2023.2.2 (64-bit)
# SW Build 4126759 on Thu Feb  8 23:52:05 MST 2024
# IP Build 4126054 on Fri Feb  9 11:39:09 MST 2024
# SharedData Build 4115275 on Tue Jan 30 00:40:57 MST 2024
# Start of session at: Sat Dec 14 19:29:42 2024
# Process ID: 60817
# Current directory: /home/bcheng/workspace/dev/ece574/hw4/sim
# Command line: xsim -mode tcl -source {xsim.dir/my_tb_snap/xsim_script.tcl}
# Log file: /home/bcheng/workspace/dev/ece574/hw4/sim/xsim.log
# Journal file: /home/bcheng/workspace/dev/ece574/hw4/sim/xsim.jou
# Running On: bcheng-HP, OS: Linux, CPU Frequency: 4696.058 MHz, CPU Physical cores: 4, Host memory: 16397 MB
#-----------------------------------------------------------
source xsim.dir/my_tb_snap/xsim_script.tcl
# xsim {my_tb_snap} -autoloadwcfg -tclbatch {xsim_cfg.tcl}
Time resolution is 1 ns
source xsim_cfg.tcl
## log_wave -recursive *
## run all
 SUCCESS!
  Expected: 0000000000000000
  Actual:   0000000000000000

 FAILURE!
  Expected: 0011000010011000
  Actual:   0010111110110010

 FAILURE!
  Expected: 0010011011100000
  Actual:   0010011000101000

 FAILURE!
  Expected: 0011010101110100
  Actual:   0011010001110111

 FAILURE!
  Expected: 0100100011100100
  Actual:   0100011110001011

 FAILURE!
  Expected: 0000010011011100
  Actual:   0000010011000101

 FAILURE!
  Expected: 0100010000001000
  Actual:   0100001011000110

 FAILURE!
  Expected: 0100100011100100
  Actual:   0100011110001011

 FAILURE!
  Expected: 0011010101110100
  Actual:   0011010001110111

 FAILURE!
  Expected: 0001110100101000
  Actual:   0001110010011110

 FAILURE!
  Expected: 0011010101110100
  Actual:   0011010001110111

 FAILURE!
  Expected: 0011010101110100
  Actual:   0011010001110111

 FAILURE!
  Expected: 0010011011100000
  Actual:   0010011000101000

 FAILURE!
  Expected: 0010101110111100
  Actual:   0010101011101101

 FAILURE!
  Expected: 0011000010011000
  Actual:   0010111110110010

 FAILURE!
  Expected: 0000111010010100
  Actual:   0000111001001111

 FAILURE!
  Expected: 0100100011100100
  Actual:   0100011110001011

 FAILURE!
  Expected: 0001100001001100
  Actual:   0001011111011001

 FAILURE!
  Expected: 0100010000001000
  Actual:   0100001011000110

 FAILURE!
  Expected: 0010001000000100
  Actual:   0010000101100011

 FAILURE!
  Expected: 0100010000001000
  Actual:   0100001011000110

 FAILURE!
  Expected: 0010101110111100
  Actual:   0010101011101101

 FAILURE!
  Expected: 0011010101110100
  Actual:   0011010001110111

 FAILURE!
  Expected: 0100010000001000
  Actual:   0100001011000110

 FAILURE!
  Expected: 0100010000001000
  Actual:   0100001011000110

 FAILURE!
  Expected: 0010101110111100
  Actual:   0010101011101101

 FAILURE!
  Expected: 0001100001001100
  Actual:   0001011111011001

 FAILURE!
  Expected: 0011111100101100
  Actual:   0011111000000001

 FAILURE!
  Expected: 0000100110111000
  Actual:   0000100110001010

 SUCCESS!
  Expected: 0000000000000000
  Actual:   0000000000000000

 FAILURE!
  Expected: 0011010101110100
  Actual:   0011010001110111

 FAILURE!
  Expected: 0000010011011100
  Actual:   0000010011000101

 FAILURE!
  Expected: 0011000010011000
  Actual:   0010111110110010

 SUCCESS!
  Expected: 0000000000000000
  Actual:   0000000000000000

 FAILURE!
  Expected: 0100010000001000
  Actual:   0100001011000110

 FAILURE!
  Expected: 0011101001010000
  Actual:   0011100100111100

 FAILURE!
  Expected: 0000010011011100
  Actual:   0000010011000101

 FAILURE!
  Expected: 0010101110111100
  Actual:   0010101011101101

 FAILURE!
  Expected: 0011111100101100
  Actual:   0011111000000001

 FAILURE!
  Expected: 0011010101110100
  Actual:   0011010001110111

 FAILURE!
  Expected: 0010101110111100
  Actual:   0010101011101101

 FAILURE!
  Expected: 0011010101110100
  Actual:   0011010001110111

 FAILURE!
  Expected: 0010001000000100
  Actual:   0010000101100011

 FAILURE!
  Expected: 0011000010011000
  Actual:   0010111110110010

 FAILURE!
  Expected: 0001001101110000
  Actual:   0001001100010100

 FAILURE!
  Expected: 0001100001001100
  Actual:   0001011111011001

 FAILURE!
  Expected: 0001100001001100
  Actual:   0001011111011001

 FAILURE!
  Expected: 0100010000001000
  Actual:   0100001011000110

 SUCCESS!
  Expected: 0000000000000000
  Actual:   0000000000000000

 FAILURE!
  Expected: 0011111100101100
  Actual:   0011111000000001

 FAILURE!
  Expected: 0010011011100000
  Actual:   0010011000101000

 FAILURE!
  Expected: 0001100001001100
  Actual:   0001011111011001

 FAILURE!
  Expected: 0000100110111000
  Actual:   0000100110001010

 FAILURE!
  Expected: 0100010000001000
  Actual:   0100001011000110

 FAILURE!
  Expected: 0000111010010100
  Actual:   0000111001001111

 FAILURE!
  Expected: 0000100110111000
  Actual:   0000100110001010

 FAILURE!
  Expected: 0011010101110100
  Actual:   0011010001110111

 FAILURE!
  Expected: 0011010101110100
  Actual:   0011010001110111

 FAILURE!
  Expected: 0010001000000100
  Actual:   0010000101100011

 FAILURE!
  Expected: 0011111100101100
  Actual:   0011111000000001

 FAILURE!
  Expected: 0010101110111100
  Actual:   0010101011101101

 FAILURE!
  Expected: 0011000010011000
  Actual:   0010111110110010

 FAILURE!
  Expected: 0100100011100100
  Actual:   0100011110001011

 FAILURE!
  Expected: 0001001101110000
  Actual:   0001001100010100

 FAILURE!
  Expected: 0001110100101000
  Actual:   0001110010011110

 FAILURE!
  Expected: 0010001000000100
  Actual:   0010000101100011

 FAILURE!
  Expected: 0000010011011100
  Actual:   0000010011000101

 FAILURE!
  Expected: 0100100011100100
  Actual:   0100011110001011

 FAILURE!
  Expected: 0000010011011100
  Actual:   0000010011000101

 FAILURE!
  Expected: 0000010011011100
  Actual:   0000010011000101

 FAILURE!
  Expected: 0001001101110000
  Actual:   0001001100010100

 FAILURE!
  Expected: 0010001000000100
  Actual:   0010000101100011

 FAILURE!
  Expected: 0010011011100000
  Actual:   0010011000101000

 FAILURE!
  Expected: 0001100001001100
  Actual:   0001011111011001

 FAILURE!
  Expected: 0010001000000100
  Actual:   0010000101100011

 FAILURE!
  Expected: 0010101110111100
  Actual:   0010101011101101

 FAILURE!
  Expected: 0001110100101000
  Actual:   0001110010011110

 FAILURE!
  Expected: 0011010101110100
  Actual:   0011010001110111

 FAILURE!
  Expected: 0000010011011100
  Actual:   0000010011000101

 FAILURE!
  Expected: 0100010000001000
  Actual:   0100001011000110

 SUCCESS!
  Expected: 0000000000000000
  Actual:   0000000000000000

 FAILURE!
  Expected: 0010011011100000
  Actual:   0010011000101000

 FAILURE!
  Expected: 0010011011100000
  Actual:   0010011000101000

 FAILURE!
  Expected: 0010001000000100
  Actual:   0010000101100011

 FAILURE!
  Expected: 0000111010010100
  Actual:   0000111001001111

 FAILURE!
  Expected: 0010101110111100
  Actual:   0010101011101101

 FAILURE!
  Expected: 0001100001001100
  Actual:   0001011111011001

 FAILURE!
  Expected: 0000111010010100
  Actual:   0000111001001111

 FAILURE!
  Expected: 0000010011011100
  Actual:   0000010011000101

 FAILURE!
  Expected: 0011111100101100
  Actual:   0011111000000001

 FAILURE!
  Expected: 0011000010011000
  Actual:   0010111110110010

 FAILURE!
  Expected: 0001001101110000
  Actual:   0001001100010100

 FAILURE!
  Expected: 0001110100101000
  Actual:   0001110010011110

 SUCCESS!
  Expected: 0000000000000000
  Actual:   0000000000000000

 FAILURE!
  Expected: 0010001000000100
  Actual:   0010000101100011

 FAILURE!
  Expected: 0010001000000100
  Actual:   0010000101100011

 FAILURE!
  Expected: 0011111100101100
  Actual:   0011111000000001

 FAILURE!
  Expected: 0000100110111000
  Actual:   0000100110001010

 FAILURE!
  Expected: 0011010101110100
  Actual:   0011010001110111

 FAILURE!
  Expected: 0001001101110000
  Actual:   0001001100010100


Total number of errors:          94

$finish called at time : 290200 ns : File "/home/bcheng/workspace/dev/ece574/hw4/verif/tb_memory_modelling.sv" Line 93
## exit
INFO: [Common 17-206] Exiting xsim at Sat Dec 14 19:29:44 2024...
