#-----------------------------------------------------------
# xsim v2023.2.2 (64-bit)
# SW Build 4126759 on Thu Feb  8 23:52:05 MST 2024
# IP Build 4126054 on Fri Feb  9 11:39:09 MST 2024
# SharedData Build 4115275 on Tue Jan 30 00:40:57 MST 2024
# Start of session at: Sun Dec 15 16:56:31 2024
# Process ID: 23796
# Current directory: /home/bcheng/workspace/dev/ece574/hw4/sim
# Command line: xsim -mode tcl -source {xsim.dir/my_tb_snap/xsim_script.tcl}
# Log file: /home/bcheng/workspace/dev/ece574/hw4/sim/xsim.log
# Journal file: /home/bcheng/workspace/dev/ece574/hw4/sim/xsim.jou
# Running On: bcheng-HP, OS: Linux, CPU Frequency: 3693.107 MHz, CPU Physical cores: 4, Host memory: 16397 MB
#-----------------------------------------------------------
source xsim.dir/my_tb_snap/xsim_script.tcl
# xsim {my_tb_snap} -autoloadwcfg -tclbatch {xsim_cfg.tcl}
Time resolution is 1 ns
source xsim_cfg.tcl
## log_wave -recursive *
## run all
 SUCCESS!
  Expected: 0011001000010000
  Actual:   0011001000010000

 SUCCESS!
  Expected: 1000001101101010
  Actual:   1000001101101010

 SUCCESS!
  Expected: 0111110100101000
  Actual:   0111110100101000

 SUCCESS!
  Expected: 1000011010001011
  Actual:   1000011010001011

 SUCCESS!
  Expected: 1100010100011111
  Actual:   1100010100011111

 SUCCESS!
  Expected: 0110011101000001
  Actual:   0110011101000001

 SUCCESS!
  Expected: 1100000111111110
  Actual:   1100000111111110

 SUCCESS!
  Expected: 0010111011101111
  Actual:   0010111011101111

 SUCCESS!
  Expected: 0010001001101011
  Actual:   0010001001101011

 SUCCESS!
  Expected: 0111011011100110
  Actual:   0111011011100110

 SUCCESS!
  Expected: 1011100010011011
  Actual:   1011100010011011

 SUCCESS!
  Expected: 0010001001101011
  Actual:   0010001001101011

 SUCCESS!
  Expected: 0001100100001000
  Actual:   0001100100001000

 SUCCESS!
  Expected: 1011001001011001
  Actual:   1011001001011001

 SUCCESS!
  Expected: 0101000101011010
  Actual:   0101000101011010

 SUCCESS!
  Expected: 0011101101110011
  Actual:   0011101101110011

 SUCCESS!
  Expected: 0110000011111111
  Actual:   0110000011111111

 SUCCESS!
  Expected: 0100000110110101
  Actual:   0100000110110101

 SUCCESS!
  Expected: 0101110111011110
  Actual:   0101110111011110

 SUCCESS!
  Expected: 0111101000000111
  Actual:   0111101000000111

 SUCCESS!
  Expected: 0010101111001110
  Actual:   0010101111001110

 SUCCESS!
  Expected: 1011001001011001
  Actual:   1011001001011001

 SUCCESS!
  Expected: 1011100010011011
  Actual:   1011100010011011

 SUCCESS!
  Expected: 1000111111101110
  Actual:   1000111111101110

 SUCCESS!
  Expected: 0010101111001110
  Actual:   0010101111001110

 SUCCESS!
  Expected: 0100111000111001
  Actual:   0100111000111001

 SUCCESS!
  Expected: 0100000110110101
  Actual:   0100000110110101

 SUCCESS!
  Expected: 0101101010111101
  Actual:   0101101010111101

 SUCCESS!
  Expected: 0011100001010010
  Actual:   0011100001010010

 SUCCESS!
  Expected: 0011001000010000
  Actual:   0011001000010000

 SUCCESS!
  Expected: 0010001001101011
  Actual:   0010001001101011

 SUCCESS!
  Expected: 0110011101000001
  Actual:   0110011101000001

 SUCCESS!
  Expected: 1000001101101010
  Actual:   1000001101101010

 SUCCESS!
  Expected: 0110010000100000
  Actual:   0110010000100000

 SUCCESS!
  Expected: 1100000111111110
  Actual:   1100000111111110

 SUCCESS!
  Expected: 1011101110111100
  Actual:   1011101110111100

 SUCCESS!
  Expected: 1001100101010001
  Actual:   1001100101010001

 SUCCESS!
  Expected: 0001110000101001
  Actual:   0001110000101001

 SUCCESS!
  Expected: 0101101010111101
  Actual:   0101101010111101

 SUCCESS!
  Expected: 0101010001111011
  Actual:   0101010001111011

 SUCCESS!
  Expected: 1000000001001001
  Actual:   1000000001001001

 SUCCESS!
  Expected: 0101010001111011
  Actual:   0101010001111011

 SUCCESS!
  Expected: 0100011111110111
  Actual:   0100011111110111

 SUCCESS!
  Expected: 0101000101011010
  Actual:   0101000101011010

 SUCCESS!
  Expected: 0111000010100100
  Actual:   0111000010100100

 SUCCESS!
  Expected: 1010010111010101
  Actual:   1010010111010101

 SUCCESS!
  Expected: 1010010111010101
  Actual:   1010010111010101

 SUCCESS!
  Expected: 0010101111001110
  Actual:   0010101111001110

 SUCCESS!
  Expected: 0011001000010000
  Actual:   0011001000010000

 SUCCESS!
  Expected: 0010100010101101
  Actual:   0010100010101101

 SUCCESS!
  Expected: 0111110100101000
  Actual:   0111110100101000

 SUCCESS!
  Expected: 1010010111010101
  Actual:   1010010111010101

 SUCCESS!
  Expected: 0000011001000010
  Actual:   0000011001000010

 SUCCESS!
  Expected: 0101110111011110
  Actual:   0101110111011110

 SUCCESS!
  Expected: 0000100101100011
  Actual:   0000100101100011

 SUCCESS!
  Expected: 0011100001010010
  Actual:   0011100001010010

 SUCCESS!
  Expected: 1000011010001011
  Actual:   1000011010001011

 SUCCESS!
  Expected: 1000011010001011
  Actual:   1000011010001011

 SUCCESS!
  Expected: 0001010111100111
  Actual:   0001010111100111

 SUCCESS!
  Expected: 1000110011001101
  Actual:   1000110011001101

 SUCCESS!
  Expected: 0001110000101001
  Actual:   0001110000101001

 SUCCESS!
  Expected: 0001111101001010
  Actual:   0001111101001010

 SUCCESS!
  Expected: 1100010100011111
  Actual:   1100010100011111

 SUCCESS!
  Expected: 1010001010110100
  Actual:   1010001010110100

 SUCCESS!
  Expected: 1010100011110110
  Actual:   1010100011110110

 SUCCESS!
  Expected: 0001010111100111
  Actual:   0001010111100111

 SUCCESS!
  Expected: 0110011101000001
  Actual:   0110011101000001

 SUCCESS!
  Expected: 1100010100011111
  Actual:   1100010100011111

 SUCCESS!
  Expected: 0011010100110001
  Actual:   0011010100110001

 SUCCESS!
  Expected: 0110011101000001
  Actual:   0110011101000001

 SUCCESS!
  Expected: 1010001010110100
  Actual:   1010001010110100

 SUCCESS!
  Expected: 0001010111100111
  Actual:   0001010111100111

 SUCCESS!
  Expected: 0111110100101000
  Actual:   0111110100101000

 SUCCESS!
  Expected: 0100000110110101
  Actual:   0100000110110101

 SUCCESS!
  Expected: 0001010111100111
  Actual:   0001010111100111

 SUCCESS!
  Expected: 1011001001011001
  Actual:   1011001001011001

 SUCCESS!
  Expected: 1010100011110110
  Actual:   1010100011110110

 SUCCESS!
  Expected: 1011100010011011
  Actual:   1011100010011011

 SUCCESS!
  Expected: 0000001100100001
  Actual:   0000001100100001

 SUCCESS!
  Expected: 0101110111011110
  Actual:   0101110111011110

 SUCCESS!
  Expected: 0011001000010000
  Actual:   0011001000010000

 SUCCESS!
  Expected: 0001100100001000
  Actual:   0001100100001000

 SUCCESS!
  Expected: 0100101100011000
  Actual:   0100101100011000

 SUCCESS!
  Expected: 0001010111100111
  Actual:   0001010111100111

 SUCCESS!
  Expected: 0000100101100011
  Actual:   0000100101100011

 SUCCESS!
  Expected: 0100111000111001
  Actual:   0100111000111001

 SUCCESS!
  Expected: 0111001111000101
  Actual:   0111001111000101

 SUCCESS!
  Expected: 0011101101110011
  Actual:   0011101101110011

 SUCCESS!
  Expected: 0110011101000001
  Actual:   0110011101000001

 SUCCESS!
  Expected: 1011111011011101
  Actual:   1011111011011101

 SUCCESS!
  Expected: 0101000101011010
  Actual:   0101000101011010

 SUCCESS!
  Expected: 0111000010100100
  Actual:   0111000010100100

 SUCCESS!
  Expected: 0100010011010110
  Actual:   0100010011010110

 SUCCESS!
  Expected: 0000000000000000
  Actual:   0000000000000000

 SUCCESS!
  Expected: 1010110000010111
  Actual:   1010110000010111

 SUCCESS!
  Expected: 1010110000010111
  Actual:   1010110000010111

 SUCCESS!
  Expected: 1011111011011101
  Actual:   1011111011011101

 SUCCESS!
  Expected: 0011100001010010
  Actual:   0011100001010010

 SUCCESS!
  Expected: 0101010001111011
  Actual:   0101010001111011

 SUCCESS!
  Expected: 0011111010010100
  Actual:   0011111010010100


Total number of errors:           0

$finish called at time : 300200 ns : File "/home/bcheng/workspace/dev/ece574/hw4/verif/tb_memory_modelling.sv" Line 93
## exit
INFO: [Common 17-206] Exiting xsim at Sun Dec 15 16:56:33 2024...
