#-----------------------------------------------------------
# xsim v2023.2.2 (64-bit)
# SW Build 4126759 on Thu Feb  8 23:52:05 MST 2024
# IP Build 4126054 on Fri Feb  9 11:39:09 MST 2024
# SharedData Build 4115275 on Tue Jan 30 00:40:57 MST 2024
# Start of session at: Sat Dec 14 19:19:33 2024
# Process ID: 57383
# Current directory: /home/bcheng/workspace/dev/ece574/hw4/sim
# Command line: xsim -mode tcl -source {xsim.dir/my_tb_snap/xsim_script.tcl}
# Log file: /home/bcheng/workspace/dev/ece574/hw4/sim/xsim.log
# Journal file: /home/bcheng/workspace/dev/ece574/hw4/sim/xsim.jou
# Running On: bcheng-HP, OS: Linux, CPU Frequency: 4691.278 MHz, CPU Physical cores: 4, Host memory: 16397 MB
#-----------------------------------------------------------
source xsim.dir/my_tb_snap/xsim_script.tcl
# xsim {my_tb_snap} -autoloadwcfg -tclbatch {xsim_cfg.tcl}
Time resolution is 1 ns
source xsim_cfg.tcl
## log_wave -recursive *
## run all
 FAILURE!
  Expected: 1000010111000000
  Actual:   0111110000010000

 FAILURE!
  Expected: 0001001100011000
  Actual:   1010001001000000

 FAILURE!
  Expected: 0110010001100000
  Actual:   0110101100000000

 FAILURE!
  Expected: 1101000011110100
  Actual:   0000110011101000

 FAILURE!
  Expected: 0101010000100100
  Actual:   1011010100110000

 FAILURE!
  Expected: 1101001001011100
  Actual:   0101100111101000

 FAILURE!
  Expected: 1001000001001000
  Actual:   0111101001111000

 FAILURE!
  Expected: 1101100111100100
  Actual:   0010111001000000

 FAILURE!
  Expected: 1110010101110100
  Actual:   1111100100101000

 FAILURE!
  Expected: 1111010010101000
  Actual:   1110001001111000

 FAILURE!
  Expected: 1010111110110100
  Actual:   0100000111100000

 FAILURE!
  Expected: 0011111001110100
  Actual:   1011111011001000

 FAILURE!
  Expected: 1100101111100000
  Actual:   0101011010001000

 FAILURE!
  Expected: 0011111111111100
  Actual:   1101011010000000

 FAILURE!
  Expected: 0001100001011000
  Actual:   0000011100110000

 FAILURE!
  Expected: 1011000101010100
  Actual:   0110100111011000

 FAILURE!
  Expected: 0011010010100100
  Actual:   1101001100100000

 FAILURE!
  Expected: 1100100000001100
  Actual:   0110001100111000

 FAILURE!
  Expected: 1110111111001000
  Actual:   0100001011001000

 FAILURE!
  Expected: 0000000010000100
  Actual:   0100001111010000

 FAILURE!
  Expected: 0000100000001000
  Actual:   0101001111100000

 FAILURE!
  Expected: 0000110011111100
  Actual:   0110110111011000

 FAILURE!
  Expected: 1011011010110100
  Actual:   1101101101000000

 FAILURE!
  Expected: 0100000110001000
  Actual:   0101111001010000

 FAILURE!
  Expected: 1101010100001000
  Actual:   0000100001100000

 FAILURE!
  Expected: 1010011001111100
  Actual:   0101010101011000

 FAILURE!
  Expected: 0100001000001100
  Actual:   1101100101110000

 FAILURE!
  Expected: 1110000111101100
  Actual:   1001110101001000

 FAILURE!
  Expected: 1011001101111000
  Actual:   0000010000111000

 FAILURE!
  Expected: 1111100011000000
  Actual:   1111010110111000

 FAILURE!
  Expected: 0010001101110100
  Actual:   0011110010100000

 FAILURE!
  Expected: 1000110101011100
  Actual:   0101011101011000

 FAILURE!
  Expected: 1010010000011000
  Actual:   1001111110001000

 FAILURE!
  Expected: 0110010110000000
  Actual:   0110101010001000

 FAILURE!
  Expected: 0110111101001000
  Actual:   0100100100011000

 FAILURE!
  Expected: 0101011110010000
  Actual:   1111100000111000

 FAILURE!
  Expected: 0110001100011100
  Actual:   1011111001110000

 FAILURE!
  Expected: 1001001010111100
  Actual:   1110001111101000

 FAILURE!
  Expected: 1110010011101100
  Actual:   1010110111000000

 FAILURE!
  Expected: 0000011100110100
  Actual:   1011110000101000

 FAILURE!
  Expected: 1111100000111100
  Actual:   1010110010100000

 FAILURE!
  Expected: 0101010000110100
  Actual:   0101010100001000

 FAILURE!
  Expected: 0101111011000100
  Actual:   0001001010010000

 FAILURE!
  Expected: 0101101101011000
  Actual:   1100100101000000

 FAILURE!
  Expected: 1110011011110000
  Actual:   1001011100100000

 FAILURE!
  Expected: 0100100010001100
  Actual:   0010100000111000

 FAILURE!
  Expected: 0110001010001100
  Actual:   1110110101010000

 FAILURE!
  Expected: 1110010000001000
  Actual:   1011010101100000

 FAILURE!
  Expected: 1001110011000000
  Actual:   1110111011100000

 FAILURE!
  Expected: 1100011000101100
  Actual:   0111101100111000

 FAILURE!
  Expected: 0011111101100000
  Actual:   1111100111111000

 FAILURE!
  Expected: 1000100010001100
  Actual:   0000101100010000

 FAILURE!
  Expected: 0000111010111000
  Actual:   0010100010000000

 FAILURE!
  Expected: 1010011011001000
  Actual:   0111011000010000

 FAILURE!
  Expected: 0110110010010100
  Actual:   0100111100111000

 FAILURE!
  Expected: 1010101101111000
  Actual:   1010011000101000

 FAILURE!
  Expected: 0110110011110100
  Actual:   1000000000010000

 FAILURE!
  Expected: 1010101111110100
  Actual:   1101011111111000

 FAILURE!
  Expected: 0011010000000100
  Actual:   0100000000000000

 FAILURE!
  Expected: 0111101110101100
  Actual:   0011011101011000

 FAILURE!
  Expected: 0101001010111100
  Actual:   1101110011010000

 FAILURE!
  Expected: 1010000010011000
  Actual:   0001111000000000

 FAILURE!
  Expected: 0010011100100100
  Actual:   0110110001001000

 FAILURE!
  Expected: 1011111110110000
  Actual:   1110101110101000

 FAILURE!
  Expected: 0101000101101000
  Actual:   1000111001111000

 FAILURE!
  Expected: 0110000000000100
  Actual:   0100111010000000

 FAILURE!
  Expected: 0011101101011100
  Actual:   1100010100111000

 FAILURE!
  Expected: 1010010000100100
  Actual:   0000110110000000

 FAILURE!
  Expected: 0000000010011100
  Actual:   0000111010111000

 FAILURE!
  Expected: 0110011101011100
  Actual:   1101110101110000

 FAILURE!
  Expected: 0110100010110000
  Actual:   1010111011010000

 FAILURE!
  Expected: 0101001000000100
  Actual:   0101001011011000

 FAILURE!
  Expected: 1100011101100000
  Actual:   1110000110011000

 FAILURE!
  Expected: 1010010000001100
  Actual:   0010100110110000

 FAILURE!
  Expected: 1111101100000100
  Actual:   0001111110111000

 FAILURE!
  Expected: 1100011111111100
  Actual:   1010111110110000

 FAILURE!
  Expected: 0000101101101000
  Actual:   1100011010000000

 FAILURE!
  Expected: 0110001110110100
  Actual:   1000110111101000

 FAILURE!
  Expected: 0001111011011100
  Actual:   1100101110100000

 FAILURE!
  Expected: 1101001011001000
  Actual:   0111000100110000

 FAILURE!
  Expected: 0000011111000000
  Actual:   1000000010110000

 FAILURE!
  Expected: 0001100111100000
  Actual:   1011010001110000

 FAILURE!
  Expected: 1001111110100000
  Actual:   1111001110110000

 FAILURE!
  Expected: 0001100000000100
  Actual:   0010001110111000

 FAILURE!
  Expected: 0111110110010100
  Actual:   0001111011100000

 FAILURE!
  Expected: 1011111001111100
  Actual:   1001101111011000

 FAILURE!
  Expected: 1110101011001100
  Actual:   0111000101110000

 FAILURE!
  Expected: 1000010101010100
  Actual:   0111110000011000

 FAILURE!
  Expected: 1101100001011100
  Actual:   0010110011010000

 FAILURE!
  Expected: 1000101001101100
  Actual:   0100000110101000

 FAILURE!
  Expected: 1001110101011000
  Actual:   0111110001011000

 FAILURE!
  Expected: 0101010111110000
  Actual:   0010100000111000

 FAILURE!
  Expected: 0100100011101000
  Actual:   1011101000001000

 FAILURE!
  Expected: 1000110100000000
  Actual:   1101010000001000

 FAILURE!
  Expected: 1101101101000100
  Actual:   1000101010010000

 FAILURE!
  Expected: 0010000101000100
  Actual:   1100110100011000

 FAILURE!
  Expected: 0001011101101100
  Actual:   1111101111110000

 FAILURE!
  Expected: 0111110101111000
  Actual:   1111011011100000

 FAILURE!
  Expected: 0111011100110100
  Actual:   1110010101001000

 FAILURE!
  Expected: 0110010100110000
  Actual:   1010111110101000


Total number of errors:         100

$finish called at time : 170200 ns : File "/home/bcheng/workspace/dev/ece574/hw4/verif/tb_memory_modelling.sv" Line 90
## exit
INFO: [Common 17-206] Exiting xsim at Sat Dec 14 19:19:35 2024...
