#-----------------------------------------------------------
# xsim v2023.2.2 (64-bit)
# SW Build 4126759 on Thu Feb  8 23:52:05 MST 2024
# IP Build 4126054 on Fri Feb  9 11:39:09 MST 2024
# SharedData Build 4115275 on Tue Jan 30 00:40:57 MST 2024
# Start of session at: Sun Dec 15 16:19:19 2024
# Process ID: 12530
# Current directory: /home/bcheng/workspace/dev/ece574/hw4/sim
# Command line: xsim -mode tcl -source {xsim.dir/my_tb_snap/xsim_script.tcl}
# Log file: /home/bcheng/workspace/dev/ece574/hw4/sim/xsim.log
# Journal file: /home/bcheng/workspace/dev/ece574/hw4/sim/xsim.jou
# Running On: bcheng-HP, OS: Linux, CPU Frequency: 400.000 MHz, CPU Physical cores: 4, Host memory: 16397 MB
#-----------------------------------------------------------
source xsim.dir/my_tb_snap/xsim_script.tcl
# xsim {my_tb_snap} -autoloadwcfg -tclbatch {xsim_cfg.tcl}
Time resolution is 1 ns
source xsim_cfg.tcl
## log_wave -recursive *
## run all
 SUCCESS!
  Expected: 0000000000000000
  Actual:   0000000000000000

 SUCCESS!
  Expected: 0001111101001010
  Actual:   0001111101001010

 SUCCESS!
  Expected: 0001100100001000
  Actual:   0001100100001000

 SUCCESS!
  Expected: 0010001001101011
  Actual:   0010001001101011

 SUCCESS!
  Expected: 0010111011101111
  Actual:   0010111011101111

 SUCCESS!
  Expected: 0000001100100001
  Actual:   0000001100100001

 SUCCESS!
  Expected: 0010101111001110
  Actual:   0010101111001110

 SUCCESS!
  Expected: 0010111011101111
  Actual:   0010111011101111

 SUCCESS!
  Expected: 0010001001101011
  Actual:   0010001001101011

 SUCCESS!
  Expected: 0001001011000110
  Actual:   0001001011000110

 SUCCESS!
  Expected: 0010001001101011
  Actual:   0010001001101011

 SUCCESS!
  Expected: 0010001001101011
  Actual:   0010001001101011

 SUCCESS!
  Expected: 0001100100001000
  Actual:   0001100100001000

 SUCCESS!
  Expected: 0001110000101001
  Actual:   0001110000101001

 SUCCESS!
  Expected: 0001111101001010
  Actual:   0001111101001010

 SUCCESS!
  Expected: 0000100101100011
  Actual:   0000100101100011

 SUCCESS!
  Expected: 0010111011101111
  Actual:   0010111011101111

 SUCCESS!
  Expected: 0000111110100101
  Actual:   0000111110100101

 SUCCESS!
  Expected: 0010101111001110
  Actual:   0010101111001110

 SUCCESS!
  Expected: 0001010111100111
  Actual:   0001010111100111

 SUCCESS!
  Expected: 0010101111001110
  Actual:   0010101111001110

 SUCCESS!
  Expected: 0001110000101001
  Actual:   0001110000101001

 SUCCESS!
  Expected: 0010001001101011
  Actual:   0010001001101011

 SUCCESS!
  Expected: 0010101111001110
  Actual:   0010101111001110

 SUCCESS!
  Expected: 0010101111001110
  Actual:   0010101111001110

 SUCCESS!
  Expected: 0001110000101001
  Actual:   0001110000101001

 SUCCESS!
  Expected: 0000111110100101
  Actual:   0000111110100101

 SUCCESS!
  Expected: 0010100010101101
  Actual:   0010100010101101

 SUCCESS!
  Expected: 0000011001000010
  Actual:   0000011001000010

 SUCCESS!
  Expected: 0000000000000000
  Actual:   0000000000000000

 SUCCESS!
  Expected: 0010001001101011
  Actual:   0010001001101011

 SUCCESS!
  Expected: 0000001100100001
  Actual:   0000001100100001

 SUCCESS!
  Expected: 0001111101001010
  Actual:   0001111101001010

 SUCCESS!
  Expected: 0000000000000000
  Actual:   0000000000000000

 SUCCESS!
  Expected: 0010101111001110
  Actual:   0010101111001110

 SUCCESS!
  Expected: 0010010110001100
  Actual:   0010010110001100

 SUCCESS!
  Expected: 0000001100100001
  Actual:   0000001100100001

 SUCCESS!
  Expected: 0001110000101001
  Actual:   0001110000101001

 SUCCESS!
  Expected: 0010100010101101
  Actual:   0010100010101101

 SUCCESS!
  Expected: 0010001001101011
  Actual:   0010001001101011

 SUCCESS!
  Expected: 0001110000101001
  Actual:   0001110000101001

 SUCCESS!
  Expected: 0010001001101011
  Actual:   0010001001101011

 SUCCESS!
  Expected: 0001010111100111
  Actual:   0001010111100111

 SUCCESS!
  Expected: 0001111101001010
  Actual:   0001111101001010

 SUCCESS!
  Expected: 0000110010000100
  Actual:   0000110010000100

 SUCCESS!
  Expected: 0000111110100101
  Actual:   0000111110100101

 SUCCESS!
  Expected: 0000111110100101
  Actual:   0000111110100101

 SUCCESS!
  Expected: 0010101111001110
  Actual:   0010101111001110

 SUCCESS!
  Expected: 0000000000000000
  Actual:   0000000000000000

 SUCCESS!
  Expected: 0010100010101101
  Actual:   0010100010101101

 SUCCESS!
  Expected: 0001100100001000
  Actual:   0001100100001000

 SUCCESS!
  Expected: 0000111110100101
  Actual:   0000111110100101

 SUCCESS!
  Expected: 0000011001000010
  Actual:   0000011001000010

 SUCCESS!
  Expected: 0010101111001110
  Actual:   0010101111001110

 SUCCESS!
  Expected: 0000100101100011
  Actual:   0000100101100011

 SUCCESS!
  Expected: 0000011001000010
  Actual:   0000011001000010

 SUCCESS!
  Expected: 0010001001101011
  Actual:   0010001001101011

 SUCCESS!
  Expected: 0010001001101011
  Actual:   0010001001101011

 SUCCESS!
  Expected: 0001010111100111
  Actual:   0001010111100111

 SUCCESS!
  Expected: 0010100010101101
  Actual:   0010100010101101

 SUCCESS!
  Expected: 0001110000101001
  Actual:   0001110000101001

 SUCCESS!
  Expected: 0001111101001010
  Actual:   0001111101001010

 SUCCESS!
  Expected: 0010111011101111
  Actual:   0010111011101111

 SUCCESS!
  Expected: 0000110010000100
  Actual:   0000110010000100

 SUCCESS!
  Expected: 0001001011000110
  Actual:   0001001011000110

 SUCCESS!
  Expected: 0001010111100111
  Actual:   0001010111100111

 SUCCESS!
  Expected: 0000001100100001
  Actual:   0000001100100001

 SUCCESS!
  Expected: 0010111011101111
  Actual:   0010111011101111

 SUCCESS!
  Expected: 0000001100100001
  Actual:   0000001100100001

 SUCCESS!
  Expected: 0000001100100001
  Actual:   0000001100100001

 SUCCESS!
  Expected: 0000110010000100
  Actual:   0000110010000100

 SUCCESS!
  Expected: 0001010111100111
  Actual:   0001010111100111

 SUCCESS!
  Expected: 0001100100001000
  Actual:   0001100100001000

 SUCCESS!
  Expected: 0000111110100101
  Actual:   0000111110100101

 SUCCESS!
  Expected: 0001010111100111
  Actual:   0001010111100111

 SUCCESS!
  Expected: 0001110000101001
  Actual:   0001110000101001

 SUCCESS!
  Expected: 0001001011000110
  Actual:   0001001011000110

 SUCCESS!
  Expected: 0010001001101011
  Actual:   0010001001101011

 SUCCESS!
  Expected: 0000001100100001
  Actual:   0000001100100001

 SUCCESS!
  Expected: 0010101111001110
  Actual:   0010101111001110

 SUCCESS!
  Expected: 0000000000000000
  Actual:   0000000000000000

 SUCCESS!
  Expected: 0001100100001000
  Actual:   0001100100001000

 SUCCESS!
  Expected: 0001100100001000
  Actual:   0001100100001000

 SUCCESS!
  Expected: 0001010111100111
  Actual:   0001010111100111

 SUCCESS!
  Expected: 0000100101100011
  Actual:   0000100101100011

 SUCCESS!
  Expected: 0001110000101001
  Actual:   0001110000101001

 SUCCESS!
  Expected: 0000111110100101
  Actual:   0000111110100101

 SUCCESS!
  Expected: 0000100101100011
  Actual:   0000100101100011

 SUCCESS!
  Expected: 0000001100100001
  Actual:   0000001100100001

 SUCCESS!
  Expected: 0010100010101101
  Actual:   0010100010101101

 SUCCESS!
  Expected: 0001111101001010
  Actual:   0001111101001010

 SUCCESS!
  Expected: 0000110010000100
  Actual:   0000110010000100

 SUCCESS!
  Expected: 0001001011000110
  Actual:   0001001011000110

 SUCCESS!
  Expected: 0000000000000000
  Actual:   0000000000000000

 SUCCESS!
  Expected: 0001010111100111
  Actual:   0001010111100111

 SUCCESS!
  Expected: 0001010111100111
  Actual:   0001010111100111

 SUCCESS!
  Expected: 0010100010101101
  Actual:   0010100010101101

 SUCCESS!
  Expected: 0000011001000010
  Actual:   0000011001000010

 SUCCESS!
  Expected: 0010001001101011
  Actual:   0010001001101011

 SUCCESS!
  Expected: 0000110010000100
  Actual:   0000110010000100


Total number of errors:           0

$finish called at time : 300200 ns : File "/home/bcheng/workspace/dev/ece574/hw4/verif/tb_memory_modelling.sv" Line 93
## exit
INFO: [Common 17-206] Exiting xsim at Sun Dec 15 16:19:21 2024...
